===================================================================================
SLURM Job ID:            11726811
Submit time:             Fri Feb 07 13:56:16 GMT 2025 (Unix Epoch time: 1738936576)
Start time:              Fri Feb 07 13:56:38 GMT 2025 (Unix Epoch time: 1738936598)
No. nodes:               1
No. tasks:               8
Job name:                assignment_1_naive
Account:                 teaching
QoS:                     teaching
Partition (queue):       teaching-gpu
Submit directory:        /users/gpb20141/PH510/Assignment_1
Script name:             /users/gpb20141/PH510/Assignment_1/assignment_1_slurm.sh
Master node:             weegpu4
Nodes used:              weegpu4
Task distribution:       block:block
===================================================================================


--------------------------------------------------------------------
Your code has been rated at 10.00/10 (previous run: 10.00/10, +0.00)

Integral % 3.14159265358979
The runtime was 0.020763635635375977 seconds
Integral % 3.14159265358979
The runtime was 0.020914554595947266 seconds
Integral % 3.14159265358979
Integral % 3.14159265358979
The runtime was 0.021045923233032227 seconds
Integral % 3.14159265358979
The runtime was 0.02092766761779785 seconds
The runtime was 0.021075010299682617 seconds
Integral % 3.14159265358979
The runtime was 0.021100282669067383 seconds
Integral % 3.14159265358979
The runtime was 0.021294593811035156 seconds
Integral % 3.14159265358979
The runtime was 0.02157449722290039 seconds
===================================================================================
SLURM job 11726811 ended:     Fri Feb 07 13:54:54 GMT 2025 (Unix Epoch time: 1738936494)
This is an estimated end time using the 'date' command from node weegpu4.hpc.strath.ac.uk
For accurate timings, use 'sacct -j 11726811 -X --format=Submit,Start,End,Elapsed'
======================================================================================
