===================================================================================
SLURM Job ID:            11949893
Submit time:             Wed Mar 26 22:32:56 GMT 2025 (Unix Epoch time: 1743028376)
Start time:              Wed Mar 26 22:32:56 GMT 2025 (Unix Epoch time: 1743028376)
No. nodes:               1
No. tasks:               16
Job name:                assignment_3_code.py
Account:                 teaching
QoS:                     teaching
Partition (queue):       teaching
Submit directory:        /users/gpb20141/PH510/Assignment_3
Script name:             /users/gpb20141/PH510/Assignment_3/assignment_3_slurm.sh
Master node:             wee19
Nodes used:              wee19
Task distribution:       block:block
===================================================================================


--------------------------------------------------------------------
Your code has been rated at 10.00/10 (previous run: 10.00/10, +0.00)

2D Circle inside Square
Average = 0.78545268, Integral = 3.14181072, Variance = 1.6851676748081757e-09
The 2D Integral is 3.1418 ± 0.0002 units**2

3D Sphere inside Cube
Average = 0.52357034, Integral = 4.18856272, Variance = 2.4944443907228444e-09
The 3D Integral is 4.1886 ± 0.0004 units**3

4D Shape inside Tesseract
Average = 0.30847264, Integral = 4.93556224, Variance = 2.133172703714304e-09
The 4D Integral is 4.9356 ± 0.0007 units**4

5D Shape inside Hypersquare
Average = 0.16448496, Integral = 5.26351872, Variance = 1.3742965793379842e-09
The 5D Integral is 5.2635 ± 0.0012 units**5

1D Normal Distribution
Average = 0.49998242991184855, Integral = 0.9999648598236971, Variance = 7.471934878559145e-10
The 1D Integral is 1.0000 ± 0.0001 units**1

6D Normal Distribution
Average = 1.5463475212905728, Integral = 98.96624136259666, Variance = 9.089809253314889e-08
The 6D Integral is 98.9662 ± 0.0193 units**6

The runtime was 87.75980138778687 seconds for 1 processors
===================================================================================
SLURM job 11949893 ended:     Wed Mar 26 22:34:37 GMT 2025 (Unix Epoch time: 1743028477)
This is an estimated end time using the 'date' command from node wee19.hpc.strath.ac.uk
For accurate timings, use 'sacct -j 11949893 -X --format=Submit,Start,End,Elapsed'
======================================================================================
