===================================================================================
SLURM Job ID:            12071769
Submit time:             Fri May 16 02:30:57 BST 2025 (Unix Epoch time: 1747359057)
Start time:              Fri May 16 02:31:58 BST 2025 (Unix Epoch time: 1747359118)
No. nodes:               1
No. tasks:               16
Job name:                assignment_4_code.py
Account:                 teaching
QoS:                     teaching
Partition (queue):       teaching
Submit directory:        /users/gpb20141/PH510/Assignment_4
Script name:             /users/gpb20141/PH510/Assignment_4/assignment_4_slurm.sh
Master node:             wee10
Nodes used:              wee10
Task distribution:       block:block
===================================================================================


--------------------------------------------------------------------
Your code has been rated at 10.00/10 (previous run: 10.00/10, +0.00)

16 Processor(s)

Exercise 3
Green's function evaluation for a square grid of side length 10cm:
At centre point (5cm, 5cm):
[[0.00000000e+00 5.25726952e-04 1.05526467e-03 1.54861090e-03
  2.11243467e-03 2.49720305e-03 3.04960238e-03 3.31817824e-03
  3.69723662e-03 4.02676757e-03 3.96962424e-03 3.78867419e-03
  3.83628424e-03 3.38674990e-03 3.05531233e-03 2.55815848e-03
  1.95243119e-03 1.54099167e-03 1.00955010e-03 5.06680476e-04
  0.00000000e+00]
 [5.46679857e-04 5.10952381e-08 1.00095238e-07 1.56333333e-07
  2.07095238e-07 2.50047619e-07 3.02285714e-07 3.41238095e-07
  3.85809524e-07 3.94142857e-07 3.92571429e-07 3.89809524e-07
  3.71476190e-07 3.40190476e-07 2.98095238e-07 2.48095238e-07
  2.03761905e-07 1.50904762e-07 1.00619048e-07 5.25714286e-08
  5.21917000e-04]
 [1.05907200e-03 1.05142857e-07 2.07047619e-07 3.12285714e-07
  4.08619048e-07 5.04285714e-07 6.10285714e-07 7.06333333e-07
  7.80380952e-07 8.00285714e-07 8.01285714e-07 7.86619048e-07
  7.48857143e-07 6.83285714e-07 6.01095238e-07 4.97238095e-07
  4.02952381e-07 3.01238095e-07 2.01285714e-07 1.02333333e-07
  9.80977000e-04]
 [1.63051614e-03 1.60190476e-07 3.19761905e-07 4.71285714e-07
  6.25190476e-07 7.76809524e-07 9.24333333e-07 1.06157143e-06
  1.17261905e-06 1.23347619e-06 1.24404762e-06 1.21976190e-06
  1.16452381e-06 1.06719048e-06 9.25333333e-07 7.68142857e-07
  6.16095238e-07 4.57095238e-07 3.02142857e-07 1.49380952e-07
  1.51051295e-03]
 [1.99624219e-03 2.06000000e-07 4.15047619e-07 6.29857143e-07
  8.37904762e-07 1.03952381e-06 1.25161905e-06 1.45157143e-06
  1.61533333e-06 1.70890476e-06 1.75304762e-06 1.70590476e-06
  1.59704762e-06 1.46266667e-06 1.26714286e-06 1.04633333e-06
  8.34666667e-07 6.13190476e-07 4.07904762e-07 2.10000000e-07
  2.09719448e-03]
 [2.62291938e-03 2.53857143e-07 5.10619048e-07 7.80238095e-07
  1.05057143e-06 1.33509524e-06 1.61809524e-06 1.88276190e-06
  2.12642857e-06 2.28023810e-06 2.33719048e-06 2.26871429e-06
  2.09661905e-06 1.87423810e-06 1.61119048e-06 1.32814286e-06
  1.04576190e-06 7.68190476e-07 5.16142857e-07 2.66047619e-07
  2.48387638e-03]
 [3.01340795e-03 3.02857143e-07 5.98809524e-07 9.17095238e-07
  1.25771429e-06 1.61171429e-06 1.97247619e-06 2.30966667e-06
  2.66466667e-06 2.92180952e-06 3.00823810e-06 2.90938095e-06
  2.65076190e-06 2.33366667e-06 1.97328571e-06 1.60823810e-06
  1.25071429e-06 9.23571429e-07 6.17857143e-07 3.07619048e-07
  2.87626690e-03]
 [3.48770362e-03 3.47809524e-07 6.92523810e-07 1.04561905e-06
  1.43038095e-06 1.85366667e-06 2.32166667e-06 2.80919048e-06
  3.30652381e-06 3.75114286e-06 3.93900000e-06 3.74709524e-06
  3.32685714e-06 2.84128571e-06 2.36171429e-06 1.90147619e-06
  1.44014286e-06 1.04957143e-06 7.01857143e-07 3.49238095e-07
  3.41722900e-03]
 [3.79247433e-03 3.75333333e-07 7.48285714e-07 1.14619048e-06
  1.58904762e-06 2.08280952e-06 2.66428571e-06 3.31509524e-06
  4.03433333e-06 4.78271429e-06 5.23142857e-06 4.77742857e-06
  4.03552381e-06 3.32190476e-06 2.70090476e-06 2.13942857e-06
  1.61071429e-06 1.16542857e-06 7.75809524e-07 3.82333333e-07
  3.77914086e-03]
 [3.82676024e-03 3.89238095e-07 8.00190476e-07 1.24128571e-06
  1.71338095e-06 2.25142857e-06 2.89561905e-06 3.70404762e-06
  4.78319048e-06 6.08961905e-06 7.37352381e-06 6.06052381e-06
  4.74919048e-06 3.74909524e-06 2.96914286e-06 2.30895238e-06
  1.74347619e-06 1.24495238e-06 8.11142857e-07 4.03333333e-07
  3.83247762e-03]
 [4.17343386e-03 4.02333333e-07 8.21619048e-07 1.26228571e-06
  1.76119048e-06 2.31885714e-06 2.99900000e-06 3.89014286e-06
  5.19547619e-06 7.35861905e-06 1.21178571e-05 7.39738095e-06
  5.23714286e-06 3.94333333e-06 3.07685714e-06 2.38128571e-06
  1.80328571e-06 1.28614286e-06 8.29428571e-07 4.08095238e-07
  3.98295790e-03]
 [3.86105100e-03 3.98523810e-07 8.05523810e-07 1.23909524e-06
  1.74014286e-06 2.27504762e-06 2.91838095e-06 3.70138095e-06
  4.72428571e-06 6.03723810e-06 7.34957143e-06 6.09061905e-06
  4.80752381e-06 3.75233333e-06 2.96090476e-06 2.30671429e-06
  1.74952381e-06 1.25280952e-06 8.20476190e-07 4.04285714e-07
  3.89915281e-03]
 [3.76390276e-03 3.71285714e-07 7.56000000e-07 1.17295238e-06
  1.60523810e-06 2.08600000e-06 2.66233333e-06 3.30066667e-06
  4.00938095e-06 4.76161905e-06 5.20990476e-06 4.78466667e-06
  4.06514286e-06 3.34666667e-06 2.71447619e-06 2.12366667e-06
  1.62452381e-06 1.18547619e-06 7.70904762e-07 3.76238095e-07
  3.84580824e-03]
 [3.27817848e-03 3.39285714e-07 6.91000000e-07 1.06257143e-06
  1.44338095e-06 1.86490476e-06 2.32733333e-06 2.81095238e-06
  3.31119048e-06 3.73061905e-06 3.91728571e-06 3.74642857e-06
  3.34419048e-06 2.86090476e-06 2.37857143e-06 1.91361905e-06
  1.47128571e-06 1.07966667e-06 7.13714286e-07 3.45714286e-07
  3.30865390e-03]
 [2.97721867e-03 3.03666667e-07 6.12428571e-07 9.21857143e-07
  1.25804762e-06 1.60933333e-06 1.95695238e-06 2.32114286e-06
  2.67180952e-06 2.91509524e-06 3.02733333e-06 2.92604762e-06
  2.69138095e-06 2.35909524e-06 1.99733333e-06 1.63780952e-06
  1.28304762e-06 9.39380952e-07 6.19380952e-07 3.10238095e-07
  3.11626986e-03]
 [2.59053886e-03 2.46523810e-07 5.03047619e-07 7.77190476e-07
  1.04819048e-06 1.32852381e-06 1.61076190e-06 1.87919048e-06
  2.09771429e-06 2.25233333e-06 2.30909524e-06 2.25333333e-06
  2.11961905e-06 1.89895238e-06 1.64895238e-06 1.34942857e-06
  1.06357143e-06 7.87380952e-07 5.18333333e-07 2.55809524e-07
  2.56387410e-03]
 [2.04195505e-03 1.98380952e-07 4.12571429e-07 6.35761905e-07
  8.31809524e-07 1.03419048e-06 1.24885714e-06 1.44266667e-06
  1.62328571e-06 1.71895238e-06 1.74885714e-06 1.71109524e-06
  1.61509524e-06 1.46085714e-06 1.28738095e-06 1.08071429e-06
  8.53571429e-07 6.23523810e-07 4.10619048e-07 1.98428571e-07
  2.05147867e-03]
 [1.62289510e-03 1.53285714e-07 3.11333333e-07 4.67857143e-07
  6.15619048e-07 7.62952381e-07 9.18952381e-07 1.05900000e-06
  1.16709524e-06 1.23857143e-06 1.26800000e-06 1.23580952e-06
  1.17119048e-06 1.07871429e-06 9.48428571e-07 7.95000000e-07
  6.33285714e-07 4.61809524e-07 3.07333333e-07 1.49000000e-07
  1.44956129e-03]
 [1.07431090e-03 1.01904762e-07 1.97952381e-07 3.07333333e-07
  4.07952381e-07 5.09714286e-07 6.08285714e-07 7.03000000e-07
  7.58142857e-07 7.95523810e-07 8.18619048e-07 8.05523810e-07
  7.63571429e-07 7.08904762e-07 6.28142857e-07 5.21142857e-07
  4.19523810e-07 3.07047619e-07 2.02523810e-07 9.86190476e-08
  1.07812162e-03]
 [5.69536095e-04 5.11428571e-08 9.87619048e-08 1.54047619e-07
  2.02285714e-07 2.57428571e-07 3.09666667e-07 3.53095238e-07
  3.69095238e-07 3.84190476e-07 3.98809524e-07 3.94428571e-07
  3.75714286e-07 3.46380952e-07 3.09095238e-07 2.55952381e-07
  2.08714286e-07 1.54095238e-07 1.03095238e-07 5.06666667e-08
  5.12393667e-04]
 [0.00000000e+00 4.97156619e-04 1.06288024e-03 1.63051414e-03
  2.02481271e-03 2.62101557e-03 3.03817024e-03 3.44770976e-03
  3.85723533e-03 3.89343043e-03 3.82676710e-03 3.95247948e-03
  3.72961567e-03 3.45722910e-03 3.06483752e-03 2.53720852e-03
  2.06291043e-03 1.57527510e-03 1.01716814e-03 5.12393714e-04
  0.00000000e+00]]
At (2.5cm, 2.5cm):
[[0.00000000e+00 2.34672448e-03 4.65725919e-03 7.06874829e-03
  8.58879276e-03 9.95071910e-03 9.37357610e-03 8.67639695e-03
  6.96589924e-03 5.72014162e-03 4.68011562e-03 3.54104033e-03
  2.81911938e-03 2.23624724e-03 1.66290110e-03 1.19431814e-03
  8.53358095e-04 6.70494524e-04 4.19058762e-04 2.26672238e-04
  0.00000000e+00]
 [2.45910695e-03 2.35238095e-07 4.72428571e-07 7.02904762e-07
  8.77238095e-07 9.76904762e-07 9.66190476e-07 8.44809524e-07
  7.21761905e-07 5.78666667e-07 4.66333333e-07 3.57428571e-07
  2.82190476e-07 2.20666667e-07 1.72190476e-07 1.31047619e-07
  1.00666667e-07 7.00476190e-08 4.31428571e-08 2.37619048e-08
  2.38101190e-04]
 [4.74678438e-03 4.68714286e-07 9.50666667e-07 1.43647619e-06
  1.85842857e-06 2.09352381e-06 1.99747619e-06 1.72733333e-06
  1.41214286e-06 1.13747619e-06 9.03857143e-07 6.92904762e-07
  5.37714286e-07 4.21761905e-07 3.37095238e-07 2.54571429e-07
  1.90904762e-07 1.38523810e-07 8.87619048e-08 4.51428571e-08
  4.24772238e-04]
 [6.99255457e-03 7.00857143e-07 1.43604762e-06 2.21571429e-06
  2.99771429e-06 3.53052381e-06 3.20747619e-06 2.65638095e-06
  2.09638095e-06 1.65100000e-06 1.28642857e-06 9.91000000e-07
  7.71380952e-07 6.17571429e-07 4.86619048e-07 3.73523810e-07
  2.76857143e-07 2.01904762e-07 1.30476190e-07 6.21904762e-08
  6.19063048e-04]
 [8.73926500e-03 8.94190476e-07 1.88171429e-06 3.02880952e-06
  4.44095238e-06 5.85147619e-06 4.72985714e-06 3.53509524e-06
  2.63323810e-06 2.03947619e-06 1.59619048e-06 1.24133333e-06
  9.59142857e-07 7.65523810e-07 6.09238095e-07 4.80333333e-07
  3.52047619e-07 2.50047619e-07 1.63000000e-07 8.06190476e-08
  8.22876571e-04]
 [9.84215376e-03 9.89571429e-07 2.10038095e-06 3.55271429e-06
  5.90304762e-06 1.07865238e-05 6.16923810e-06 4.11490476e-06
  2.98842857e-06 2.27447619e-06 1.78547619e-06 1.40633333e-06
  1.10900000e-06 8.73238095e-07 6.95380952e-07 5.40619048e-07
  3.98904762e-07 2.85333333e-07 1.85333333e-07 9.24761905e-08
  8.89545714e-04]
 [9.48976619e-03 9.60333333e-07 1.99676190e-06 3.22666667e-06
  4.72709524e-06 6.17547619e-06 5.00471429e-06 3.81695238e-06
  2.96214286e-06 2.29828571e-06 1.84385714e-06 1.48076190e-06
  1.17961905e-06 9.37571429e-07 7.43571429e-07 5.80190476e-07
  4.36333333e-07 3.09714286e-07 2.01333333e-07 9.73809524e-08
  1.04002462e-03]
 [8.72021252e-03 8.50476190e-07 1.71709524e-06 2.64042857e-06
  3.52890476e-06 4.12776190e-06 3.84828571e-06 3.25152381e-06
  2.70647619e-06 2.17933333e-06 1.79728571e-06 1.46542857e-06
  1.17590476e-06 9.53047619e-07 7.63476190e-07 6.07476190e-07
  4.66904762e-07 3.35476190e-07 2.16952381e-07 1.06571429e-07
  1.06478838e-03]
 [7.22685019e-03 7.11523810e-07 1.40876190e-06 2.08561905e-06
  2.65752381e-06 3.02042857e-06 2.96661905e-06 2.68500000e-06
  2.36742857e-06 1.99895238e-06 1.67295238e-06 1.39185714e-06
  1.14352381e-06 9.43619048e-07 7.70238095e-07 6.13857143e-07
  4.66809524e-07 3.33952381e-07 2.23380952e-07 1.13666667e-07
  1.06669457e-03]
 [5.69728390e-03 5.78190476e-07 1.11609524e-06 1.60809524e-06
  2.01495238e-06 2.28328571e-06 2.30204762e-06 2.18219048e-06
  2.01114286e-06 1.75380952e-06 1.49323810e-06 1.27452381e-06
  1.07900000e-06 9.00000000e-07 7.32761905e-07 5.94190476e-07
  4.56619048e-07 3.28904762e-07 2.14190476e-07 1.03333333e-07
  1.06669371e-03]
 [4.57725719e-03 4.61142857e-07 8.85142857e-07 1.26219048e-06
  1.55747619e-06 1.74566667e-06 1.80976190e-06 1.77428571e-06
  1.66833333e-06 1.50119048e-06 1.32490476e-06 1.13966667e-06
  9.73571429e-07 8.31238095e-07 6.85095238e-07 5.50952381e-07
  4.21809524e-07 3.10476190e-07 2.05142857e-07 9.90476190e-08
  9.67642048e-04]
 [3.57913590e-03 3.58714286e-07 6.91000000e-07 9.81952381e-07
  1.21233333e-06 1.37338095e-06 1.43842857e-06 1.44009524e-06
  1.37657143e-06 1.26571429e-06 1.14604762e-06 1.00742857e-06
  8.73000000e-07 7.59000000e-07 6.28285714e-07 5.07238095e-07
  3.90476190e-07 2.87904762e-07 1.93190476e-07 9.69047619e-08
  9.18118667e-04]
 [2.91245138e-03 2.85000000e-07 5.44714286e-07 7.72000000e-07
  9.49190476e-07 1.08804762e-06 1.14585714e-06 1.16338095e-06
  1.12561905e-06 1.05676190e-06 9.78428571e-07 8.73809524e-07
  7.58142857e-07 6.64428571e-07 5.61523810e-07 4.52952381e-07
  3.53809524e-07 2.62047619e-07 1.79428571e-07 9.02380952e-08
  8.85734381e-04]
 [2.10481814e-03 2.23571429e-07 4.25809524e-07 5.97523810e-07
  7.49857143e-07 8.60666667e-07 9.15571429e-07 9.37428571e-07
  9.20190476e-07 8.79238095e-07 8.27476190e-07 7.46619048e-07
  6.58952381e-07 5.68714286e-07 4.83619048e-07 3.99666667e-07
  3.17238095e-07 2.31714286e-07 1.56714286e-07 8.15238095e-08
  7.40972667e-04]
 [1.77337710e-03 1.70285714e-07 3.27809524e-07 4.58142857e-07
  5.82095238e-07 6.71714286e-07 7.34000000e-07 7.55333333e-07
  7.47857143e-07 7.17666667e-07 6.88190476e-07 6.34285714e-07
  5.63809524e-07 4.85523810e-07 4.11095238e-07 3.46761905e-07
  2.74047619e-07 1.99666667e-07 1.27619048e-07 6.64285714e-08
  6.40015952e-04]
 [1.39812886e-03 1.26666667e-07 2.46095238e-07 3.52428571e-07
  4.52809524e-07 5.21238095e-07 5.72238095e-07 5.98809524e-07
  5.98571429e-07 5.74809524e-07 5.50190476e-07 5.19952381e-07
  4.64380952e-07 3.93523810e-07 3.40571429e-07 2.85619048e-07
  2.29047619e-07 1.72285714e-07 1.07380952e-07 5.51904762e-08
  5.20014571e-04]
 [9.42880714e-04 9.09523810e-08 1.81190476e-07 2.62285714e-07
  3.40619048e-07 3.94857143e-07 4.37047619e-07 4.52333333e-07
  4.58333333e-07 4.44333333e-07 4.32285714e-07 4.03047619e-07
  3.65857143e-07 3.13095238e-07 2.74476190e-07 2.28285714e-07
  1.81238095e-07 1.34904762e-07 8.36190476e-08 4.23809524e-08
  4.32391143e-04]
 [7.04778190e-04 6.30476190e-08 1.25190476e-07 1.87904762e-07
  2.45428571e-07 2.87904762e-07 3.16714286e-07 3.25285714e-07
  3.32428571e-07 3.27571429e-07 3.20238095e-07 2.93047619e-07
  2.70047619e-07 2.32857143e-07 1.97857143e-07 1.63857143e-07
  1.28190476e-07 9.86666667e-08 6.38095238e-08 3.25714286e-08
  3.69531476e-04]
 [4.81914905e-04 4.45238095e-08 8.11428571e-08 1.16714286e-07
  1.59476190e-07 1.84952381e-07 2.00142857e-07 2.06238095e-07
  2.11666667e-07 2.11619048e-07 2.03571429e-07 1.92571429e-07
  1.77476190e-07 1.58476190e-07 1.32952381e-07 1.06666667e-07
  8.67142857e-08 6.87142857e-08 4.44761905e-08 2.24761905e-08
  2.24767238e-04]
 [2.34291619e-04 2.28095238e-08 4.09047619e-08 5.79523810e-08
  7.93333333e-08 9.00952381e-08 9.80476190e-08 1.01095238e-07
  1.02142857e-07 1.03333333e-07 9.98571429e-08 9.65238095e-08
  8.84761905e-08 7.85714286e-08 6.73809524e-08 5.25714286e-08
  4.40476190e-08 3.43333333e-08 2.25714286e-08 1.16190476e-08
  9.71455714e-05]
 [0.00000000e+00 2.34291048e-04 4.49533048e-04 6.26682143e-04
  8.49542190e-04 9.00974429e-04 1.07240557e-03 1.11431252e-03
  1.03812138e-03 1.08764505e-03 9.58120000e-04 9.40975333e-04
  8.47640619e-04 7.71447333e-04 6.34303286e-04 5.48583619e-04
  4.30488048e-04 3.52390000e-04 2.24767238e-04 9.52411429e-05
  0.00000000e+00]]
At (0.1cm, 2.5cm):
[[0.00000000e+00 1.97147905e-03 4.82107338e-03 1.07221696e-02
  2.55339687e-02 6.83502843e-02 2.55606376e-02 1.08688460e-02
  5.64014833e-03 3.28579390e-03 2.13909852e-03 1.35622590e-03
  9.79072905e-04 6.74301048e-04 5.56202476e-04 3.63819476e-04
  2.97149524e-04 1.75243381e-04 1.02859619e-04 4.57153333e-05
  0.00000000e+00]
 [1.92385824e-03 1.94523810e-07 4.80904762e-07 1.06123810e-06
  2.52642857e-06 6.86876190e-06 2.55423810e-06 1.13571429e-06
  5.84047619e-07 3.25333333e-07 2.04619048e-07 1.39714286e-07
  9.65714286e-08 6.82857143e-08 5.23333333e-08 3.84761905e-08
  2.84285714e-08 1.88571429e-08 1.09047619e-08 5.14285714e-09
  5.71440476e-05]
 [2.97150410e-03 2.95000000e-07 6.68142857e-07 1.24261905e-06
  2.18628571e-06 3.33095238e-06 2.23138095e-06 1.36895238e-06
  8.38190476e-07 5.33142857e-07 3.56428571e-07 2.54619048e-07
  1.84904762e-07 1.34285714e-07 1.01619048e-07 7.62857143e-08
  5.53333333e-08 3.49047619e-08 2.18095238e-08 1.16190476e-08
  1.10479619e-04]
 [3.12579195e-03 3.11809524e-07 6.71952381e-07 1.10900000e-06
  1.62442857e-06 2.00428571e-06 1.69042857e-06 1.24928571e-06
  8.76761905e-07 6.28047619e-07 4.47523810e-07 3.33666667e-07
  2.45000000e-07 1.80571429e-07 1.36619048e-07 1.04047619e-07
  7.60000000e-08 5.08571429e-08 3.20476190e-08 1.64285714e-08
  1.58098810e-04]
 [2.82482933e-03 2.79333333e-07 5.82714286e-07 8.91666667e-07
  1.18033333e-06 1.37152381e-06 1.27623810e-06 1.04638095e-06
  8.20523810e-07 6.30904762e-07 4.74571429e-07 3.73238095e-07
  2.82619048e-07 2.13714286e-07 1.61142857e-07 1.18571429e-07
  8.74761905e-08 6.25714286e-08 3.84761905e-08 1.94285714e-08
  1.63814952e-04]
 [2.40958500e-03 2.33619048e-07 4.71142857e-07 6.92095238e-07
  8.77714286e-07 9.87809524e-07 9.66571429e-07 8.51666667e-07
  7.25619048e-07 5.78809524e-07 4.72095238e-07 3.80714286e-07
  2.98238095e-07 2.28428571e-07 1.76428571e-07 1.32523810e-07
  9.82857143e-08 7.10476190e-08 4.41428571e-08 2.10000000e-08
  2.00004857e-04]
 [1.91242610e-03 1.81571429e-07 3.65809524e-07 5.41714286e-07
  6.71571429e-07 7.45857143e-07 7.48190476e-07 7.00476190e-07
  6.29523810e-07 5.10857143e-07 4.42190476e-07 3.68000000e-07
  2.93619048e-07 2.31142857e-07 1.79857143e-07 1.36142857e-07
  1.00142857e-07 7.34285714e-08 4.70476190e-08 2.20000000e-08
  2.40005857e-04]
 [1.55432329e-03 1.42857143e-07 2.81285714e-07 4.17476190e-07
  5.12619048e-07 5.64714286e-07 5.89095238e-07 5.69904762e-07
  5.26285714e-07 4.56380952e-07 4.04952381e-07 3.45523810e-07
  2.80190476e-07 2.23380952e-07 1.79619048e-07 1.36571429e-07
  9.85238095e-08 7.36666667e-08 4.96666667e-08 2.22857143e-08
  2.81910143e-04]
 [1.14098276e-03 1.15428571e-07 2.23047619e-07 3.22428571e-07
  4.00952381e-07 4.37714286e-07 4.62380952e-07 4.62619048e-07
  4.39333333e-07 3.97571429e-07 3.55047619e-07 3.11333333e-07
  2.54476190e-07 2.08619048e-07 1.70380952e-07 1.31380952e-07
  9.96666667e-08 7.55714286e-08 5.10952381e-08 2.39047619e-08
  2.62863048e-04]
 [8.53356905e-04 9.55714286e-08 1.77238095e-07 2.51428571e-07
  3.14190476e-07 3.56238095e-07 3.70571429e-07 3.73857143e-07
  3.59190476e-07 3.35476190e-07 3.09428571e-07 2.77190476e-07
  2.24666667e-07 1.85904762e-07 1.55428571e-07 1.22142857e-07
  9.80476190e-08 7.38095238e-08 4.84285714e-08 2.42380952e-08
  2.00006238e-04]
 [7.75255286e-04 7.55238095e-08 1.36619048e-07 2.01571429e-07
  2.48238095e-07 2.86714286e-07 2.97047619e-07 3.05476190e-07
  3.01571429e-07 2.88428571e-07 2.63619048e-07 2.31809524e-07
  1.93619048e-07 1.72523810e-07 1.42476190e-07 1.15142857e-07
  9.00000000e-08 6.80000000e-08 4.53333333e-08 2.38571429e-08
  2.24766905e-04]
 [5.84777667e-04 5.90000000e-08 1.04523810e-07 1.56047619e-07
  1.97904762e-07 2.26761905e-07 2.38952381e-07 2.53523810e-07
  2.54285714e-07 2.46190476e-07 2.24380952e-07 2.04142857e-07
  1.72380952e-07 1.53428571e-07 1.25238095e-07 1.03238095e-07
  7.94761905e-08 6.14761905e-08 4.34285714e-08 2.31428571e-08
  2.20957857e-04]
 [4.55248571e-04 4.60000000e-08 8.69047619e-08 1.24047619e-07
  1.61428571e-07 1.83095238e-07 1.97285714e-07 2.10476190e-07
  2.04619048e-07 2.05380952e-07 1.95142857e-07 1.78285714e-07
  1.52000000e-07 1.31761905e-07 1.07428571e-07 8.51428571e-08
  6.82380952e-08 5.40952381e-08 3.69047619e-08 2.01428571e-08
  1.65719381e-04]
 [3.44771000e-04 3.70476190e-08 7.26666667e-08 1.04095238e-07
  1.28904762e-07 1.46952381e-07 1.59571429e-07 1.69000000e-07
  1.68047619e-07 1.69476190e-07 1.61476190e-07 1.48333333e-07
  1.31571429e-07 1.11000000e-07 9.20476190e-08 7.65238095e-08
  6.27142857e-08 4.53809524e-08 3.03809524e-08 1.72857143e-08
  1.54290000e-04]
 [2.62863667e-04 2.75238095e-08 5.45238095e-08 8.16190476e-08
  1.03333333e-07 1.19428571e-07 1.32619048e-07 1.40476190e-07
  1.38476190e-07 1.36714286e-07 1.28047619e-07 1.16047619e-07
  1.07666667e-07 9.28095238e-08 7.99523810e-08 6.77142857e-08
  5.79047619e-08 4.08571429e-08 2.55238095e-08 1.34285714e-08
  1.48574952e-04]
 [1.98100667e-04 2.12380952e-08 4.08571429e-08 6.05238095e-08
  7.80476190e-08 9.06190476e-08 1.04523810e-07 1.11904762e-07
  1.11428571e-07 1.07095238e-07 9.92857143e-08 9.46190476e-08
  8.76666667e-08 7.72857143e-08 6.56190476e-08 5.43809524e-08
  4.80952381e-08 3.45714286e-08 2.27619048e-08 1.10952381e-08
  1.18098190e-04]
 [1.96194000e-04 1.47619048e-08 2.77142857e-08 4.13333333e-08
  5.57142857e-08 6.48095238e-08 7.80952381e-08 8.38095238e-08
  8.84285714e-08 8.50000000e-08 8.25714286e-08 7.58571429e-08
  7.14761905e-08 6.21428571e-08 5.27142857e-08 4.35714286e-08
  3.59047619e-08 2.70952381e-08 1.68571429e-08 7.28571429e-09
  8.95255714e-05]
 [1.20002762e-04 1.00000000e-08 1.87142857e-08 3.18095238e-08
  4.16190476e-08 4.85714286e-08 5.68095238e-08 6.18095238e-08
  6.58095238e-08 6.03333333e-08 6.05238095e-08 5.63333333e-08
  5.20476190e-08 4.60952381e-08 4.04761905e-08 3.62857143e-08
  2.60000000e-08 1.86190476e-08 1.19047619e-08 5.66666667e-09
  6.09537619e-05]
 [8.57159048e-05 7.14285714e-09 1.36666667e-08 2.32857143e-08
  2.69047619e-08 3.14761905e-08 3.60952381e-08 3.95714286e-08
  4.09047619e-08 4.17142857e-08 4.00952381e-08 3.77619048e-08
  3.27142857e-08 2.96666667e-08 2.40476190e-08 2.30476190e-08
  1.72857143e-08 1.22380952e-08 8.09523810e-09 4.04761905e-09
  3.61911905e-05]
 [3.04772381e-05 3.95238095e-09 7.95238095e-09 1.09523810e-08
  1.19047619e-08 1.51904762e-08 1.61904762e-08 1.86190476e-08
  2.10000000e-08 2.08571429e-08 1.91904762e-08 1.89047619e-08
  1.81904762e-08 1.46190476e-08 1.08571429e-08 1.07619048e-08
  7.57142857e-09 5.71428571e-09 4.80952381e-09 2.85714286e-09
  9.52433333e-06]
 [0.00000000e+00 4.19059524e-05 7.80973810e-05 9.52406190e-05
  1.39050333e-04 1.29527667e-04 1.86670714e-04 1.84766476e-04
  1.94290857e-04 2.01909000e-04 1.98099857e-04 1.69528714e-04
  1.50481095e-04 1.27623000e-04 1.42860476e-04 1.12383571e-04
  9.52397619e-05 5.90490952e-05 3.61915714e-05 2.09530476e-05
  0.00000000e+00]]
At (0.1cm, 0.1cm):
[[0.00000000e+00 5.78490677e-02 2.02004980e-02 7.97734086e-03
  3.87056995e-03 1.83623710e-03 1.02098157e-03 7.44778952e-04
  4.07630619e-04 2.97151524e-04 2.19052429e-04 1.63813905e-04
  1.58098000e-04 1.00954571e-04 9.14306667e-05 4.76203333e-05
  6.09536667e-05 2.66673333e-05 1.52385714e-05 5.71466667e-06
  0.00000000e+00]
 [5.73709651e-02 5.75819048e-06 1.98690476e-06 7.92904762e-07
  3.71809524e-07 1.93285714e-07 1.12666667e-07 7.10000000e-08
  4.72380952e-08 3.21904762e-08 2.29523810e-08 1.75238095e-08
  1.22380952e-08 1.00476190e-08 7.28571429e-09 5.47619048e-09
  5.00000000e-09 3.42857143e-09 2.47619048e-09 1.04761905e-09
  9.52419048e-06]
 [1.99966880e-02 1.98300000e-06 1.39285714e-06 8.18095238e-07
  4.80428571e-07 2.92619048e-07 1.85666667e-07 1.22714286e-07
  8.41428571e-08 5.93809524e-08 4.54285714e-08 3.15238095e-08
  2.31428571e-08 1.90000000e-08 1.50476190e-08 1.03333333e-08
  8.19047619e-09 5.47619048e-09 3.80952381e-09 1.95238095e-09
  1.33339048e-05]
 [7.84019786e-03 8.02619048e-07 8.31142857e-07 6.29666667e-07
  4.41571429e-07 3.04523810e-07 2.09380952e-07 1.50285714e-07
  1.11095238e-07 8.04285714e-08 5.59523810e-08 4.05714286e-08
  3.25714286e-08 2.48095238e-08 2.04285714e-08 1.52380952e-08
  9.95238095e-09 8.61904762e-09 6.09523810e-09 2.71428571e-09
  2.28575238e-05]
 [3.77533110e-03 3.73809524e-07 4.83952381e-07 4.43476190e-07
  3.59857143e-07 2.78285714e-07 2.02714286e-07 1.50238095e-07
  1.17857143e-07 8.80952381e-08 6.31428571e-08 4.69523810e-08
  3.63809524e-08 2.74761905e-08 2.12857143e-08 1.73809524e-08
  1.27142857e-08 1.06666667e-08 7.61904762e-09 3.52380952e-09
  5.14292381e-05]
 [1.89338224e-03 1.93142857e-07 2.82714286e-07 3.05190476e-07
  2.78952381e-07 2.30761905e-07 1.83285714e-07 1.41571429e-07
  1.14428571e-07 9.27619048e-08 6.97619048e-08 5.20952381e-08
  4.27142857e-08 3.49523810e-08 2.55238095e-08 1.99047619e-08
  1.67619048e-08 1.24761905e-08 8.09523810e-09 4.00000000e-09
  3.42866667e-05]
 [1.07621829e-03 1.10952381e-07 1.79333333e-07 2.09047619e-07
  2.12809524e-07 1.82761905e-07 1.55761905e-07 1.25857143e-07
  1.02809524e-07 8.87142857e-08 7.00476190e-08 5.29047619e-08
  4.47619048e-08 3.72380952e-08 2.90952381e-08 2.28571429e-08
  1.97619048e-08 1.36666667e-08 7.66666667e-09 4.00000000e-09
  4.57154286e-05]
 [6.72397286e-04 7.05714286e-08 1.25380952e-07 1.50857143e-07
  1.58523810e-07 1.45190476e-07 1.28238095e-07 1.07095238e-07
  9.35238095e-08 8.11428571e-08 6.67142857e-08 5.18571429e-08
  4.52380952e-08 3.46666667e-08 3.11904762e-08 2.59047619e-08
  2.16190476e-08 1.60952381e-08 8.90476190e-09 4.66666667e-09
  3.42867143e-05]
 [5.12393857e-04 4.64761905e-08 8.51428571e-08 1.08476190e-07
  1.17047619e-07 1.10095238e-07 1.00285714e-07 9.00000000e-08
  8.63333333e-08 7.10000000e-08 5.95714286e-08 4.86190476e-08
  4.37142857e-08 3.29047619e-08 2.80000000e-08 2.29523810e-08
  1.87619048e-08 1.48095238e-08 8.85714286e-09 4.00000000e-09
  3.61912857e-05]
 [3.10483905e-04 3.01428571e-08 5.56666667e-08 7.41428571e-08
  8.69047619e-08 8.38095238e-08 7.82380952e-08 7.97619048e-08
  7.44761905e-08 6.24285714e-08 5.55714286e-08 4.43333333e-08
  3.81904762e-08 3.06666667e-08 2.60476190e-08 2.08571429e-08
  1.70952381e-08 1.40952381e-08 9.66666667e-09 3.80952381e-09
  4.38108571e-05]
 [2.07624667e-04 2.34761905e-08 4.38571429e-08 5.49523810e-08
  6.31428571e-08 6.62857143e-08 6.36190476e-08 6.85714286e-08
  6.49523810e-08 5.74761905e-08 4.68571429e-08 3.91428571e-08
  3.60476190e-08 3.01428571e-08 2.46666667e-08 1.82857143e-08
  1.51904762e-08 1.25714286e-08 8.76190476e-09 3.52380952e-09
  5.33342857e-05]
 [2.07623857e-04 1.89523810e-08 3.39047619e-08 4.29047619e-08
  4.90952381e-08 5.62857143e-08 5.79523810e-08 5.69523810e-08
  5.34285714e-08 4.71904762e-08 4.07142857e-08 3.49047619e-08
  3.30952381e-08 2.79047619e-08 2.27619048e-08 1.70952381e-08
  1.37142857e-08 1.20476190e-08 8.85714286e-09 3.71428571e-09
  3.42867143e-05]
 [1.16193095e-04 1.28571429e-08 2.40000000e-08 3.32380952e-08
  3.83809524e-08 4.49523810e-08 4.85714286e-08 4.70476190e-08
  4.70000000e-08 4.12857143e-08 3.64285714e-08 3.20000000e-08
  2.89523810e-08 2.36666667e-08 1.90000000e-08 1.42380952e-08
  1.19523810e-08 9.85714286e-09 6.52380952e-09 2.85714286e-09
  4.38100476e-05]
 [9.33362857e-05 1.12380952e-08 1.90476190e-08 2.53809524e-08
  3.12857143e-08 3.61904762e-08 3.94761905e-08 4.00476190e-08
  3.74285714e-08 3.60476190e-08 3.38095238e-08 2.95238095e-08
  2.67142857e-08 2.17619048e-08 1.90000000e-08 1.43333333e-08
  1.15714286e-08 8.33333333e-09 5.47619048e-09 2.95238095e-09
  2.66674762e-05]
 [8.76207143e-05 7.19047619e-09 1.27142857e-08 1.78571429e-08
  2.50000000e-08 2.93333333e-08 3.16666667e-08 3.31428571e-08
  2.95238095e-08 2.92380952e-08 2.96666667e-08 2.74285714e-08
  2.28095238e-08 1.81904762e-08 1.52380952e-08 1.14285714e-08
  9.85714286e-09 7.42857143e-09 5.19047619e-09 2.57142857e-09
  3.80955238e-05]
 [7.23825238e-05 5.80952381e-09 1.00000000e-08 1.39047619e-08
  2.00476190e-08 2.35238095e-08 2.46666667e-08 2.53333333e-08
  2.32857143e-08 2.12857143e-08 2.13333333e-08 2.15714286e-08
  1.94761905e-08 1.57619048e-08 1.27619048e-08 1.00476190e-08
  7.38095238e-09 5.95238095e-09 5.33333333e-09 2.47619048e-09
  2.09529048e-05]
 [4.38105238e-05 4.38095238e-09 8.42857143e-09 1.10000000e-08
  1.39523810e-08 1.54761905e-08 1.60000000e-08 1.74761905e-08
  1.99523810e-08 1.78571429e-08 1.72380952e-08 1.73333333e-08
  1.60952381e-08 1.30476190e-08 9.23809524e-09 7.09523810e-09
  5.33333333e-09 4.52380952e-09 4.52380952e-09 1.85714286e-09
  1.33337143e-05]
 [2.09529524e-05 2.52380952e-09 5.38095238e-09 7.57142857e-09
  8.66666667e-09 8.80952381e-09 1.03333333e-08 1.20476190e-08
  1.42857143e-08 1.45238095e-08 1.34761905e-08 1.43809524e-08
  1.31428571e-08 1.03333333e-08 7.52380952e-09 5.57142857e-09
  4.14285714e-09 4.14285714e-09 3.90476190e-09 2.00000000e-09
  1.14289524e-05]
 [2.28574286e-05 1.38095238e-09 2.90476190e-09 4.95238095e-09
  6.47619048e-09 6.61904762e-09 7.57142857e-09 8.09523810e-09
  8.57142857e-09 9.71428571e-09 9.42857143e-09 9.85714286e-09
  7.57142857e-09 7.23809524e-09 5.00000000e-09 3.76190476e-09
  3.42857143e-09 2.85714286e-09 2.23809524e-09 1.47619048e-09
  7.61933333e-06]
 [7.61923810e-06 7.61904762e-10 1.28571429e-09 2.14285714e-09
  3.33333333e-09 3.76190476e-09 4.00000000e-09 3.76190476e-09
  3.85714286e-09 4.52380952e-09 4.66666667e-09 4.38095238e-09
  2.90476190e-09 3.76190476e-09 2.76190476e-09 1.61904762e-09
  1.61904762e-09 1.52380952e-09 1.14285714e-09 7.14285714e-10
  1.90485714e-06]
 [0.00000000e+00 1.14288571e-05 7.61961905e-06 3.04767619e-05
  2.85721905e-05 3.61916667e-05 3.23818095e-05 4.76198095e-05
  4.38103333e-05 3.04773333e-05 4.00012857e-05 5.90487619e-05
  3.42866667e-05 3.04768095e-05 2.66672381e-05 1.14290476e-05
  1.52385714e-05 5.71452381e-06 1.90477143e-05 5.71442857e-06
  0.00000000e+00]]

Exercise 4
Potential calculation via Green's function for a square grid of side length 10cm:
Q4a with boundary conditions: All edges uniformly at +1V
The Grid has converged in 96 iterations.
The Grid has converged in 97 iterations.
[[1. 1. 1. 1. 1. 1. 1. 1. 1. 1. 1. 1. 1. 1. 1. 1. 1. 1. 1. 1. 1.]
 [1. 1. 1. 1. 1. 1. 1. 1. 1. 1. 1. 1. 1. 1. 1. 1. 1. 1. 1. 1. 1.]
 [1. 1. 1. 1. 1. 1. 1. 1. 1. 1. 1. 1. 1. 1. 1. 1. 1. 1. 1. 1. 1.]
 [1. 1. 1. 1. 1. 1. 1. 1. 1. 1. 1. 1. 1. 1. 1. 1. 1. 1. 1. 1. 1.]
 [1. 1. 1. 1. 1. 1. 1. 1. 1. 1. 1. 1. 1. 1. 1. 1. 1. 1. 1. 1. 1.]
 [1. 1. 1. 1. 1. 1. 1. 1. 1. 1. 1. 1. 1. 1. 1. 1. 1. 1. 1. 1. 1.]
 [1. 1. 1. 1. 1. 1. 1. 1. 1. 1. 1. 1. 1. 1. 1. 1. 1. 1. 1. 1. 1.]
 [1. 1. 1. 1. 1. 1. 1. 1. 1. 1. 1. 1. 1. 1. 1. 1. 1. 1. 1. 1. 1.]
 [1. 1. 1. 1. 1. 1. 1. 1. 1. 1. 1. 1. 1. 1. 1. 1. 1. 1. 1. 1. 1.]
 [1. 1. 1. 1. 1. 1. 1. 1. 1. 1. 1. 1. 1. 1. 1. 1. 1. 1. 1. 1. 1.]
 [1. 1. 1. 1. 1. 1. 1. 1. 1. 1. 1. 1. 1. 1. 1. 1. 1. 1. 1. 1. 1.]
 [1. 1. 1. 1. 1. 1. 1. 1. 1. 1. 1. 1. 1. 1. 1. 1. 1. 1. 1. 1. 1.]
 [1. 1. 1. 1. 1. 1. 1. 1. 1. 1. 1. 1. 1. 1. 1. 1. 1. 1. 1. 1. 1.]
 [1. 1. 1. 1. 1. 1. 1. 1. 1. 1. 1. 1. 1. 1. 1. 1. 1. 1. 1. 1. 1.]
 [1. 1. 1. 1. 1. 1. 1. 1. 1. 1. 1. 1. 1. 1. 1. 1. 1. 1. 1. 1. 1.]
 [1. 1. 1. 1. 1. 1. 1. 1. 1. 1. 1. 1. 1. 1. 1. 1. 1. 1. 1. 1. 1.]
 [1. 1. 1. 1. 1. 1. 1. 1. 1. 1. 1. 1. 1. 1. 1. 1. 1. 1. 1. 1. 1.]
 [1. 1. 1. 1. 1. 1. 1. 1. 1. 1. 1. 1. 1. 1. 1. 1. 1. 1. 1. 1. 1.]
 [1. 1. 1. 1. 1. 1. 1. 1. 1. 1. 1. 1. 1. 1. 1. 1. 1. 1. 1. 1. 1.]
 [1. 1. 1. 1. 1. 1. 1. 1. 1. 1. 1. 1. 1. 1. 1. 1. 1. 1. 1. 1. 1.]
 [1. 1. 1. 1. 1. 1. 1. 1. 1. 1. 1. 1. 1. 1. 1. 1. 1. 1. 1. 1. 1.]]
Traceback (most recent call last):
  File "/users/gpb20141/PH510/Assignment_4/./assignment_4_code.py", line 108, in <module>
    potential_50_50_4a = mc.MonteCarlo(init_grid, init_grid.greens_potential, 0, 10, 10, 10)
                         ^^^^^^^^^^^^^^^^^^^^^^^^^^^^^^^^^^^^^^^^^^^^^^^^^^^^^^^^^^^^^^^^^^^
  File "/users/gpb20141/PH510/Assignment_4/monte_carlo_class.py", line 32, in __init__
    self.value = function(*args, **kwargs)
                 ^^^^^^^^^^^^^^^^^^^^^^^^^
  File "/users/gpb20141/PH510/Assignment_4/poisson_green_class.py", line 275, in greens_potential
    term1[x_b, y_b] = greens_laplace[x_b, y_b] * self.phi[x_b, y_b]
                      ~~~~~~~~~~~~~~^^^^^^^^^^
IndexError: too many indices for array: array is 1-dimensional, but 2 were indexed
The Grid has converged in 97 iterations.
[[1. 1. 1. 1. 1. 1. 1. 1. 1. 1. 1. 1. 1. 1. 1. 1. 1. 1. 1. 1. 1.]
 [1. 1. 1. 1. 1. 1. 1. 1. 1. 1. 1. 1. 1. 1. 1. 1. 1. 1. 1. 1. 1.]
 [1. 1. 1. 1. 1. 1. 1. 1. 1. 1. 1. 1. 1. 1. 1. 1. 1. 1. 1. 1. 1.]
 [1. 1. 1. 1. 1. 1. 1. 1. 1. 1. 1. 1. 1. 1. 1. 1. 1. 1. 1. 1. 1.]
 [1. 1. 1. 1. 1. 1. 1. 1. 1. 1. 1. 1. 1. 1. 1. 1. 1. 1. 1. 1. 1.]
 [1. 1. 1. 1. 1. 1. 1. 1. 1. 1. 1. 1. 1. 1. 1. 1. 1. 1. 1. 1. 1.]
 [1. 1. 1. 1. 1. 1. 1. 1. 1. 1. 1. 1. 1. 1. 1. 1. 1. 1. 1. 1. 1.]
 [1. 1. 1. 1. 1. 1. 1. 1. 1. 1. 1. 1. 1. 1. 1. 1. 1. 1. 1. 1. 1.]
 [1. 1. 1. 1. 1. 1. 1. 1. 1. 1. 1. 1. 1. 1. 1. 1. 1. 1. 1. 1. 1.]
 [1. 1. 1. 1. 1. 1. 1. 1. 1. 1. 1. 1. 1. 1. 1. 1. 1. 1. 1. 1. 1.]
 [1. 1. 1. 1. 1. 1. 1. 1. 1. 1. 1. 1. 1. 1. 1. 1. 1. 1. 1. 1. 1.]
 [1. 1. 1. 1. 1. 1. 1. 1. 1. 1. 1. 1. 1. 1. 1. 1. 1. 1. 1. 1. 1.]
 [1. 1. 1. 1. 1. 1. 1. 1. 1. 1. 1. 1. 1. 1. 1. 1. 1. 1. 1. 1. 1.]
 [1. 1. 1. 1. 1. 1. 1. 1. 1. 1. 1. 1. 1. 1. 1. 1. 1. 1. 1. 1. 1.]
 [1. 1. 1. 1. 1. 1. 1. 1. 1. 1. 1. 1. 1. 1. 1. 1. 1. 1. 1. 1. 1.]
 [1. 1. 1. 1. 1. 1. 1. 1. 1. 1. 1. 1. 1. 1. 1. 1. 1. 1. 1. 1. 1.]
 [1. 1. 1. 1. 1. 1. 1. 1. 1. 1. 1. 1. 1. 1. 1. 1. 1. 1. 1. 1. 1.]
 [1. 1. 1. 1. 1. 1. 1. 1. 1. 1. 1. 1. 1. 1. 1. 1. 1. 1. 1. 1. 1.]
 [1. 1. 1. 1. 1. 1. 1. 1. 1. 1. 1. 1. 1. 1. 1. 1. 1. 1. 1. 1. 1.]
 [1. 1. 1. 1. 1. 1. 1. 1. 1. 1. 1. 1. 1. 1. 1. 1. 1. 1. 1. 1. 1.]
 [1. 1. 1. 1. 1. 1. 1. 1. 1. 1. 1. 1. 1. 1. 1. 1. 1. 1. 1. 1. 1.]]
Traceback (most recent call last):
  File "/users/gpb20141/PH510/Assignment_4/./assignment_4_code.py", line 108, in <module>
    potential_50_50_4a = mc.MonteCarlo(init_grid, init_grid.greens_potential, 0, 10, 10, 10)
                         ^^^^^^^^^^^^^^^^^^^^^^^^^^^^^^^^^^^^^^^^^^^^^^^^^^^^^^^^^^^^^^^^^^^
  File "/users/gpb20141/PH510/Assignment_4/monte_carlo_class.py", line 32, in __init__
    self.value = function(*args, **kwargs)
                 ^^^^^^^^^^^^^^^^^^^^^^^^^
  File "/users/gpb20141/PH510/Assignment_4/poisson_green_class.py", line 275, in greens_potential
    term1[x_b, y_b] = greens_laplace[x_b, y_b] * self.phi[x_b, y_b]
                      ~~~~~~~~~~~~~~^^^^^^^^^^
IndexError: too many indices for array: array is 1-dimensional, but 2 were indexed
The Grid has converged in 97 iterations.
[[1. 1. 1. 1. 1. 1. 1. 1. 1. 1. 1. 1. 1. 1. 1. 1. 1. 1. 1. 1. 1.]
 [1. 1. 1. 1. 1. 1. 1. 1. 1. 1. 1. 1. 1. 1. 1. 1. 1. 1. 1. 1. 1.]
 [1. 1. 1. 1. 1. 1. 1. 1. 1. 1. 1. 1. 1. 1. 1. 1. 1. 1. 1. 1. 1.]
 [1. 1. 1. 1. 1. 1. 1. 1. 1. 1. 1. 1. 1. 1. 1. 1. 1. 1. 1. 1. 1.]
 [1. 1. 1. 1. 1. 1. 1. 1. 1. 1. 1. 1. 1. 1. 1. 1. 1. 1. 1. 1. 1.]
 [1. 1. 1. 1. 1. 1. 1. 1. 1. 1. 1. 1. 1. 1. 1. 1. 1. 1. 1. 1. 1.]
 [1. 1. 1. 1. 1. 1. 1. 1. 1. 1. 1. 1. 1. 1. 1. 1. 1. 1. 1. 1. 1.]
 [1. 1. 1. 1. 1. 1. 1. 1. 1. 1. 1. 1. 1. 1. 1. 1. 1. 1. 1. 1. 1.]
 [1. 1. 1. 1. 1. 1. 1. 1. 1. 1. 1. 1. 1. 1. 1. 1. 1. 1. 1. 1. 1.]
 [1. 1. 1. 1. 1. 1. 1. 1. 1. 1. 1. 1. 1. 1. 1. 1. 1. 1. 1. 1. 1.]
 [1. 1. 1. 1. 1. 1. 1. 1. 1. 1. 1. 1. 1. 1. 1. 1. 1. 1. 1. 1. 1.]
 [1. 1. 1. 1. 1. 1. 1. 1. 1. 1. 1. 1. 1. 1. 1. 1. 1. 1. 1. 1. 1.]
 [1. 1. 1. 1. 1. 1. 1. 1. 1. 1. 1. 1. 1. 1. 1. 1. 1. 1. 1. 1. 1.]
 [1. 1. 1. 1. 1. 1. 1. 1. 1. 1. 1. 1. 1. 1. 1. 1. 1. 1. 1. 1. 1.]
 [1. 1. 1. 1. 1. 1. 1. 1. 1. 1. 1. 1. 1. 1. 1. 1. 1. 1. 1. 1. 1.]
 [1. 1. 1. 1. 1. 1. 1. 1. 1. 1. 1. 1. 1. 1. 1. 1. 1. 1. 1. 1. 1.]
 [1. 1. 1. 1. 1. 1. 1. 1. 1. 1. 1. 1. 1. 1. 1. 1. 1. 1. 1. 1. 1.]
 [1. 1. 1. 1. 1. 1. 1. 1. 1. 1. 1. 1. 1. 1. 1. 1. 1. 1. 1. 1. 1.]
 [1. 1. 1. 1. 1. 1. 1. 1. 1. 1. 1. 1. 1. 1. 1. 1. 1. 1. 1. 1. 1.]
 [1. 1. 1. 1. 1. 1. 1. 1. 1. 1. 1. 1. 1. 1. 1. 1. 1. 1. 1. 1. 1.]
 [1. 1. 1. 1. 1. 1. 1. 1. 1. 1. 1. 1. 1. 1. 1. 1. 1. 1. 1. 1. 1.]]
Traceback (most recent call last):
  File "/users/gpb20141/PH510/Assignment_4/./assignment_4_code.py", line 108, in <module>
    potential_50_50_4a = mc.MonteCarlo(init_grid, init_grid.greens_potential, 0, 10, 10, 10)
                         ^^^^^^^^^^^^^^^^^^^^^^^^^^^^^^^^^^^^^^^^^^^^^^^^^^^^^^^^^^^^^^^^^^^
  File "/users/gpb20141/PH510/Assignment_4/monte_carlo_class.py", line 32, in __init__
    self.value = function(*args, **kwargs)
                 ^^^^^^^^^^^^^^^^^^^^^^^^^
  File "/users/gpb20141/PH510/Assignment_4/poisson_green_class.py", line 275, in greens_potential
    term1[x_b, y_b] = greens_laplace[x_b, y_b] * self.phi[x_b, y_b]
                      ~~~~~~~~~~~~~~^^^^^^^^^^
IndexError: too many indices for array: array is 1-dimensional, but 2 were indexed
The Grid has converged in 95 iterations.
[[1. 1. 1. 1. 1. 1. 1. 1. 1. 1. 1. 1. 1. 1. 1. 1. 1. 1. 1. 1. 1.]
 [1. 1. 1. 1. 1. 1. 1. 1. 1. 1. 1. 1. 1. 1. 1. 1. 1. 1. 1. 1. 1.]
 [1. 1. 1. 1. 1. 1. 1. 1. 1. 1. 1. 1. 1. 1. 1. 1. 1. 1. 1. 1. 1.]
 [1. 1. 1. 1. 1. 1. 1. 1. 1. 1. 1. 1. 1. 1. 1. 1. 1. 1. 1. 1. 1.]
 [1. 1. 1. 1. 1. 1. 1. 1. 1. 1. 1. 1. 1. 1. 1. 1. 1. 1. 1. 1. 1.]
 [1. 1. 1. 1. 1. 1. 1. 1. 1. 1. 1. 1. 1. 1. 1. 1. 1. 1. 1. 1. 1.]
 [1. 1. 1. 1. 1. 1. 1. 1. 1. 1. 1. 1. 1. 1. 1. 1. 1. 1. 1. 1. 1.]
 [1. 1. 1. 1. 1. 1. 1. 1. 1. 1. 1. 1. 1. 1. 1. 1. 1. 1. 1. 1. 1.]
 [1. 1. 1. 1. 1. 1. 1. 1. 1. 1. 1. 1. 1. 1. 1. 1. 1. 1. 1. 1. 1.]
 [1. 1. 1. 1. 1. 1. 1. 1. 1. 1. 1. 1. 1. 1. 1. 1. 1. 1. 1. 1. 1.]
 [1. 1. 1. 1. 1. 1. 1. 1. 1. 1. 1. 1. 1. 1. 1. 1. 1. 1. 1. 1. 1.]
 [1. 1. 1. 1. 1. 1. 1. 1. 1. 1. 1. 1. 1. 1. 1. 1. 1. 1. 1. 1. 1.]
 [1. 1. 1. 1. 1. 1. 1. 1. 1. 1. 1. 1. 1. 1. 1. 1. 1. 1. 1. 1. 1.]
 [1. 1. 1. 1. 1. 1. 1. 1. 1. 1. 1. 1. 1. 1. 1. 1. 1. 1. 1. 1. 1.]
 [1. 1. 1. 1. 1. 1. 1. 1. 1. 1. 1. 1. 1. 1. 1. 1. 1. 1. 1. 1. 1.]
 [1. 1. 1. 1. 1. 1. 1. 1. 1. 1. 1. 1. 1. 1. 1. 1. 1. 1. 1. 1. 1.]
 [1. 1. 1. 1. 1. 1. 1. 1. 1. 1. 1. 1. 1. 1. 1. 1. 1. 1. 1. 1. 1.]
 [1. 1. 1. 1. 1. 1. 1. 1. 1. 1. 1. 1. 1. 1. 1. 1. 1. 1. 1. 1. 1.]
 [1. 1. 1. 1. 1. 1. 1. 1. 1. 1. 1. 1. 1. 1. 1. 1. 1. 1. 1. 1. 1.]
 [1. 1. 1. 1. 1. 1. 1. 1. 1. 1. 1. 1. 1. 1. 1. 1. 1. 1. 1. 1. 1.]
 [1. 1. 1. 1. 1. 1. 1. 1. 1. 1. 1. 1. 1. 1. 1. 1. 1. 1. 1. 1. 1.]]
Traceback (most recent call last):
  File "/users/gpb20141/PH510/Assignment_4/./assignment_4_code.py", line 108, in <module>
    potential_50_50_4a = mc.MonteCarlo(init_grid, init_grid.greens_potential, 0, 10, 10, 10)
                         ^^^^^^^^^^^^^^^^^^^^^^^^^^^^^^^^^^^^^^^^^^^^^^^^^^^^^^^^^^^^^^^^^^^
  File "/users/gpb20141/PH510/Assignment_4/monte_carlo_class.py", line 32, in __init__
    self.value = function(*args, **kwargs)
                 ^^^^^^^^^^^^^^^^^^^^^^^^^
  File "/users/gpb20141/PH510/Assignment_4/poisson_green_class.py", line 275, in greens_potential
    term1[x_b, y_b] = greens_laplace[x_b, y_b] * self.phi[x_b, y_b]
                      ~~~~~~~~~~~~~~^^^^^^^^^^
IndexError: too many indices for array: array is 1-dimensional, but 2 were indexed
The Grid has converged in 98 iterations.
[[1. 1. 1. 1. 1. 1. 1. 1. 1. 1. 1. 1. 1. 1. 1. 1. 1. 1. 1. 1. 1.]
 [1. 1. 1. 1. 1. 1. 1. 1. 1. 1. 1. 1. 1. 1. 1. 1. 1. 1. 1. 1. 1.]
 [1. 1. 1. 1. 1. 1. 1. 1. 1. 1. 1. 1. 1. 1. 1. 1. 1. 1. 1. 1. 1.]
 [1. 1. 1. 1. 1. 1. 1. 1. 1. 1. 1. 1. 1. 1. 1. 1. 1. 1. 1. 1. 1.]
 [1. 1. 1. 1. 1. 1. 1. 1. 1. 1. 1. 1. 1. 1. 1. 1. 1. 1. 1. 1. 1.]
 [1. 1. 1. 1. 1. 1. 1. 1. 1. 1. 1. 1. 1. 1. 1. 1. 1. 1. 1. 1. 1.]
 [1. 1. 1. 1. 1. 1. 1. 1. 1. 1. 1. 1. 1. 1. 1. 1. 1. 1. 1. 1. 1.]
 [1. 1. 1. 1. 1. 1. 1. 1. 1. 1. 1. 1. 1. 1. 1. 1. 1. 1. 1. 1. 1.]
 [1. 1. 1. 1. 1. 1. 1. 1. 1. 1. 1. 1. 1. 1. 1. 1. 1. 1. 1. 1. 1.]
 [1. 1. 1. 1. 1. 1. 1. 1. 1. 1. 1. 1. 1. 1. 1. 1. 1. 1. 1. 1. 1.]
 [1. 1. 1. 1. 1. 1. 1. 1. 1. 1. 1. 1. 1. 1. 1. 1. 1. 1. 1. 1. 1.]
 [1. 1. 1. 1. 1. 1. 1. 1. 1. 1. 1. 1. 1. 1. 1. 1. 1. 1. 1. 1. 1.]
 [1. 1. 1. 1. 1. 1. 1. 1. 1. 1. 1. 1. 1. 1. 1. 1. 1. 1. 1. 1. 1.]
 [1. 1. 1. 1. 1. 1. 1. 1. 1. 1. 1. 1. 1. 1. 1. 1. 1. 1. 1. 1. 1.]
 [1. 1. 1. 1. 1. 1. 1. 1. 1. 1. 1. 1. 1. 1. 1. 1. 1. 1. 1. 1. 1.]
 [1. 1. 1. 1. 1. 1. 1. 1. 1. 1. 1. 1. 1. 1. 1. 1. 1. 1. 1. 1. 1.]
 [1. 1. 1. 1. 1. 1. 1. 1. 1. 1. 1. 1. 1. 1. 1. 1. 1. 1. 1. 1. 1.]
 [1. 1. 1. 1. 1. 1. 1. 1. 1. 1. 1. 1. 1. 1. 1. 1. 1. 1. 1. 1. 1.]
 [1. 1. 1. 1. 1. 1. 1. 1. 1. 1. 1. 1. 1. 1. 1. 1. 1. 1. 1. 1. 1.]
 [1. 1. 1. 1. 1. 1. 1. 1. 1. 1. 1. 1. 1. 1. 1. 1. 1. 1. 1. 1. 1.]
 [1. 1. 1. 1. 1. 1. 1. 1. 1. 1. 1. 1. 1. 1. 1. 1. 1. 1. 1. 1. 1.]]
Traceback (most recent call last):
  File "/users/gpb20141/PH510/Assignment_4/./assignment_4_code.py", line 108, in <module>
    potential_50_50_4a = mc.MonteCarlo(init_grid, init_grid.greens_potential, 0, 10, 10, 10)
                         ^^^^^^^^^^^^^^^^^^^^^^^^^^^^^^^^^^^^^^^^^^^^^^^^^^^^^^^^^^^^^^^^^^^
  File "/users/gpb20141/PH510/Assignment_4/monte_carlo_class.py", line 32, in __init__
    self.value = function(*args, **kwargs)
                 ^^^^^^^^^^^^^^^^^^^^^^^^^
  File "/users/gpb20141/PH510/Assignment_4/poisson_green_class.py", line 275, in greens_potential
    term1[x_b, y_b] = greens_laplace[x_b, y_b] * self.phi[x_b, y_b]
                      ~~~~~~~~~~~~~~^^^^^^^^^^
IndexError: too many indices for array: array is 1-dimensional, but 2 were indexed
The Grid has converged in 97 iterations.
[[1. 1. 1. 1. 1. 1. 1. 1. 1. 1. 1. 1. 1. 1. 1. 1. 1. 1. 1. 1. 1.]
 [1. 1. 1. 1. 1. 1. 1. 1. 1. 1. 1. 1. 1. 1. 1. 1. 1. 1. 1. 1. 1.]
 [1. 1. 1. 1. 1. 1. 1. 1. 1. 1. 1. 1. 1. 1. 1. 1. 1. 1. 1. 1. 1.]
 [1. 1. 1. 1. 1. 1. 1. 1. 1. 1. 1. 1. 1. 1. 1. 1. 1. 1. 1. 1. 1.]
 [1. 1. 1. 1. 1. 1. 1. 1. 1. 1. 1. 1. 1. 1. 1. 1. 1. 1. 1. 1. 1.]
 [1. 1. 1. 1. 1. 1. 1. 1. 1. 1. 1. 1. 1. 1. 1. 1. 1. 1. 1. 1. 1.]
 [1. 1. 1. 1. 1. 1. 1. 1. 1. 1. 1. 1. 1. 1. 1. 1. 1. 1. 1. 1. 1.]
 [1. 1. 1. 1. 1. 1. 1. 1. 1. 1. 1. 1. 1. 1. 1. 1. 1. 1. 1. 1. 1.]
 [1. 1. 1. 1. 1. 1. 1. 1. 1. 1. 1. 1. 1. 1. 1. 1. 1. 1. 1. 1. 1.]
 [1. 1. 1. 1. 1. 1. 1. 1. 1. 1. 1. 1. 1. 1. 1. 1. 1. 1. 1. 1. 1.]
 [1. 1. 1. 1. 1. 1. 1. 1. 1. 1. 1. 1. 1. 1. 1. 1. 1. 1. 1. 1. 1.]
 [1. 1. 1. 1. 1. 1. 1. 1. 1. 1. 1. 1. 1. 1. 1. 1. 1. 1. 1. 1. 1.]
 [1. 1. 1. 1. 1. 1. 1. 1. 1. 1. 1. 1. 1. 1. 1. 1. 1. 1. 1. 1. 1.]
 [1. 1. 1. 1. 1. 1. 1. 1. 1. 1. 1. 1. 1. 1. 1. 1. 1. 1. 1. 1. 1.]
 [1. 1. 1. 1. 1. 1. 1. 1. 1. 1. 1. 1. 1. 1. 1. 1. 1. 1. 1. 1. 1.]
 [1. 1. 1. 1. 1. 1. 1. 1. 1. 1. 1. 1. 1. 1. 1. 1. 1. 1. 1. 1. 1.]
 [1. 1. 1. 1. 1. 1. 1. 1. 1. 1. 1. 1. 1. 1. 1. 1. 1. 1. 1. 1. 1.]
 [1. 1. 1. 1. 1. 1. 1. 1. 1. 1. 1. 1. 1. 1. 1. 1. 1. 1. 1. 1. 1.]
 [1. 1. 1. 1. 1. 1. 1. 1. 1. 1. 1. 1. 1. 1. 1. 1. 1. 1. 1. 1. 1.]
 [1. 1. 1. 1. 1. 1. 1. 1. 1. 1. 1. 1. 1. 1. 1. 1. 1. 1. 1. 1. 1.]
 [1. 1. 1. 1. 1. 1. 1. 1. 1. 1. 1. 1. 1. 1. 1. 1. 1. 1. 1. 1. 1.]]
Traceback (most recent call last):
  File "/users/gpb20141/PH510/Assignment_4/./assignment_4_code.py", line 108, in <module>
    potential_50_50_4a = mc.MonteCarlo(init_grid, init_grid.greens_potential, 0, 10, 10, 10)
                         ^^^^^^^^^^^^^^^^^^^^^^^^^^^^^^^^^^^^^^^^^^^^^^^^^^^^^^^^^^^^^^^^^^^
  File "/users/gpb20141/PH510/Assignment_4/monte_carlo_class.py", line 32, in __init__
    self.value = function(*args, **kwargs)
                 ^^^^^^^^^^^^^^^^^^^^^^^^^
  File "/users/gpb20141/PH510/Assignment_4/poisson_green_class.py", line 275, in greens_potential
    term1[x_b, y_b] = greens_laplace[x_b, y_b] * self.phi[x_b, y_b]
                      ~~~~~~~~~~~~~~^^^^^^^^^^
IndexError: too many indices for array: array is 1-dimensional, but 2 were indexed
The Grid has converged in 97 iterations.
[[1. 1. 1. 1. 1. 1. 1. 1. 1. 1. 1. 1. 1. 1. 1. 1. 1. 1. 1. 1. 1.]
 [1. 1. 1. 1. 1. 1. 1. 1. 1. 1. 1. 1. 1. 1. 1. 1. 1. 1. 1. 1. 1.]
 [1. 1. 1. 1. 1. 1. 1. 1. 1. 1. 1. 1. 1. 1. 1. 1. 1. 1. 1. 1. 1.]
 [1. 1. 1. 1. 1. 1. 1. 1. 1. 1. 1. 1. 1. 1. 1. 1. 1. 1. 1. 1. 1.]
 [1. 1. 1. 1. 1. 1. 1. 1. 1. 1. 1. 1. 1. 1. 1. 1. 1. 1. 1. 1. 1.]
 [1. 1. 1. 1. 1. 1. 1. 1. 1. 1. 1. 1. 1. 1. 1. 1. 1. 1. 1. 1. 1.]
 [1. 1. 1. 1. 1. 1. 1. 1. 1. 1. 1. 1. 1. 1. 1. 1. 1. 1. 1. 1. 1.]
 [1. 1. 1. 1. 1. 1. 1. 1. 1. 1. 1. 1. 1. 1. 1. 1. 1. 1. 1. 1. 1.]
 [1. 1. 1. 1. 1. 1. 1. 1. 1. 1. 1. 1. 1. 1. 1. 1. 1. 1. 1. 1. 1.]
 [1. 1. 1. 1. 1. 1. 1. 1. 1. 1. 1. 1. 1. 1. 1. 1. 1. 1. 1. 1. 1.]
 [1. 1. 1. 1. 1. 1. 1. 1. 1. 1. 1. 1. 1. 1. 1. 1. 1. 1. 1. 1. 1.]
 [1. 1. 1. 1. 1. 1. 1. 1. 1. 1. 1. 1. 1. 1. 1. 1. 1. 1. 1. 1. 1.]
 [1. 1. 1. 1. 1. 1. 1. 1. 1. 1. 1. 1. 1. 1. 1. 1. 1. 1. 1. 1. 1.]
 [1. 1. 1. 1. 1. 1. 1. 1. 1. 1. 1. 1. 1. 1. 1. 1. 1. 1. 1. 1. 1.]
 [1. 1. 1. 1. 1. 1. 1. 1. 1. 1. 1. 1. 1. 1. 1. 1. 1. 1. 1. 1. 1.]
 [1. 1. 1. 1. 1. 1. 1. 1. 1. 1. 1. 1. 1. 1. 1. 1. 1. 1. 1. 1. 1.]
 [1. 1. 1. 1. 1. 1. 1. 1. 1. 1. 1. 1. 1. 1. 1. 1. 1. 1. 1. 1. 1.]
 [1. 1. 1. 1. 1. 1. 1. 1. 1. 1. 1. 1. 1. 1. 1. 1. 1. 1. 1. 1. 1.]
 [1. 1. 1. 1. 1. 1. 1. 1. 1. 1. 1. 1. 1. 1. 1. 1. 1. 1. 1. 1. 1.]
 [1. 1. 1. 1. 1. 1. 1. 1. 1. 1. 1. 1. 1. 1. 1. 1. 1. 1. 1. 1. 1.]
 [1. 1. 1. 1. 1. 1. 1. 1. 1. 1. 1. 1. 1. 1. 1. 1. 1. 1. 1. 1. 1.]]
Traceback (most recent call last):
  File "/users/gpb20141/PH510/Assignment_4/./assignment_4_code.py", line 108, in <module>
    potential_50_50_4a = mc.MonteCarlo(init_grid, init_grid.greens_potential, 0, 10, 10, 10)
                         ^^^^^^^^^^^^^^^^^^^^^^^^^^^^^^^^^^^^^^^^^^^^^^^^^^^^^^^^^^^^^^^^^^^
  File "/users/gpb20141/PH510/Assignment_4/monte_carlo_class.py", line 32, in __init__
    self.value = function(*args, **kwargs)
                 ^^^^^^^^^^^^^^^^^^^^^^^^^
  File "/users/gpb20141/PH510/Assignment_4/poisson_green_class.py", line 275, in greens_potential
    term1[x_b, y_b] = greens_laplace[x_b, y_b] * self.phi[x_b, y_b]
                      ~~~~~~~~~~~~~~^^^^^^^^^^
IndexError: too many indices for array: array is 1-dimensional, but 2 were indexed
The Grid has converged in 97 iterations.
[[1. 1. 1. 1. 1. 1. 1. 1. 1. 1. 1. 1. 1. 1. 1. 1. 1. 1. 1. 1. 1.]
 [1. 1. 1. 1. 1. 1. 1. 1. 1. 1. 1. 1. 1. 1. 1. 1. 1. 1. 1. 1. 1.]
 [1. 1. 1. 1. 1. 1. 1. 1. 1. 1. 1. 1. 1. 1. 1. 1. 1. 1. 1. 1. 1.]
 [1. 1. 1. 1. 1. 1. 1. 1. 1. 1. 1. 1. 1. 1. 1. 1. 1. 1. 1. 1. 1.]
 [1. 1. 1. 1. 1. 1. 1. 1. 1. 1. 1. 1. 1. 1. 1. 1. 1. 1. 1. 1. 1.]
 [1. 1. 1. 1. 1. 1. 1. 1. 1. 1. 1. 1. 1. 1. 1. 1. 1. 1. 1. 1. 1.]
 [1. 1. 1. 1. 1. 1. 1. 1. 1. 1. 1. 1. 1. 1. 1. 1. 1. 1. 1. 1. 1.]
 [1. 1. 1. 1. 1. 1. 1. 1. 1. 1. 1. 1. 1. 1. 1. 1. 1. 1. 1. 1. 1.]
 [1. 1. 1. 1. 1. 1. 1. 1. 1. 1. 1. 1. 1. 1. 1. 1. 1. 1. 1. 1. 1.]
 [1. 1. 1. 1. 1. 1. 1. 1. 1. 1. 1. 1. 1. 1. 1. 1. 1. 1. 1. 1. 1.]
 [1. 1. 1. 1. 1. 1. 1. 1. 1. 1. 1. 1. 1. 1. 1. 1. 1. 1. 1. 1. 1.]
 [1. 1. 1. 1. 1. 1. 1. 1. 1. 1. 1. 1. 1. 1. 1. 1. 1. 1. 1. 1. 1.]
 [1. 1. 1. 1. 1. 1. 1. 1. 1. 1. 1. 1. 1. 1. 1. 1. 1. 1. 1. 1. 1.]
 [1. 1. 1. 1. 1. 1. 1. 1. 1. 1. 1. 1. 1. 1. 1. 1. 1. 1. 1. 1. 1.]
 [1. 1. 1. 1. 1. 1. 1. 1. 1. 1. 1. 1. 1. 1. 1. 1. 1. 1. 1. 1. 1.]
 [1. 1. 1. 1. 1. 1. 1. 1. 1. 1. 1. 1. 1. 1. 1. 1. 1. 1. 1. 1. 1.]
 [1. 1. 1. 1. 1. 1. 1. 1. 1. 1. 1. 1. 1. 1. 1. 1. 1. 1. 1. 1. 1.]
 [1. 1. 1. 1. 1. 1. 1. 1. 1. 1. 1. 1. 1. 1. 1. 1. 1. 1. 1. 1. 1.]
 [1. 1. 1. 1. 1. 1. 1. 1. 1. 1. 1. 1. 1. 1. 1. 1. 1. 1. 1. 1. 1.]
 [1. 1. 1. 1. 1. 1. 1. 1. 1. 1. 1. 1. 1. 1. 1. 1. 1. 1. 1. 1. 1.]
 [1. 1. 1. 1. 1. 1. 1. 1. 1. 1. 1. 1. 1. 1. 1. 1. 1. 1. 1. 1. 1.]]
Traceback (most recent call last):
  File "/users/gpb20141/PH510/Assignment_4/./assignment_4_code.py", line 108, in <module>
    potential_50_50_4a = mc.MonteCarlo(init_grid, init_grid.greens_potential, 0, 10, 10, 10)
                         ^^^^^^^^^^^^^^^^^^^^^^^^^^^^^^^^^^^^^^^^^^^^^^^^^^^^^^^^^^^^^^^^^^^
  File "/users/gpb20141/PH510/Assignment_4/monte_carlo_class.py", line 32, in __init__
    self.value = function(*args, **kwargs)
                 ^^^^^^^^^^^^^^^^^^^^^^^^^
  File "/users/gpb20141/PH510/Assignment_4/poisson_green_class.py", line 275, in greens_potential
    term1[x_b, y_b] = greens_laplace[x_b, y_b] * self.phi[x_b, y_b]
                      ~~~~~~~~~~~~~~^^^^^^^^^^
IndexError: too many indices for array: array is 1-dimensional, but 2 were indexed
The Grid has converged in 97 iterations.
[[1. 1. 1. 1. 1. 1. 1. 1. 1. 1. 1. 1. 1. 1. 1. 1. 1. 1. 1. 1. 1.]
 [1. 1. 1. 1. 1. 1. 1. 1. 1. 1. 1. 1. 1. 1. 1. 1. 1. 1. 1. 1. 1.]
 [1. 1. 1. 1. 1. 1. 1. 1. 1. 1. 1. 1. 1. 1. 1. 1. 1. 1. 1. 1. 1.]
 [1. 1. 1. 1. 1. 1. 1. 1. 1. 1. 1. 1. 1. 1. 1. 1. 1. 1. 1. 1. 1.]
 [1. 1. 1. 1. 1. 1. 1. 1. 1. 1. 1. 1. 1. 1. 1. 1. 1. 1. 1. 1. 1.]
 [1. 1. 1. 1. 1. 1. 1. 1. 1. 1. 1. 1. 1. 1. 1. 1. 1. 1. 1. 1. 1.]
 [1. 1. 1. 1. 1. 1. 1. 1. 1. 1. 1. 1. 1. 1. 1. 1. 1. 1. 1. 1. 1.]
 [1. 1. 1. 1. 1. 1. 1. 1. 1. 1. 1. 1. 1. 1. 1. 1. 1. 1. 1. 1. 1.]
 [1. 1. 1. 1. 1. 1. 1. 1. 1. 1. 1. 1. 1. 1. 1. 1. 1. 1. 1. 1. 1.]
 [1. 1. 1. 1. 1. 1. 1. 1. 1. 1. 1. 1. 1. 1. 1. 1. 1. 1. 1. 1. 1.]
 [1. 1. 1. 1. 1. 1. 1. 1. 1. 1. 1. 1. 1. 1. 1. 1. 1. 1. 1. 1. 1.]
 [1. 1. 1. 1. 1. 1. 1. 1. 1. 1. 1. 1. 1. 1. 1. 1. 1. 1. 1. 1. 1.]
 [1. 1. 1. 1. 1. 1. 1. 1. 1. 1. 1. 1. 1. 1. 1. 1. 1. 1. 1. 1. 1.]
 [1. 1. 1. 1. 1. 1. 1. 1. 1. 1. 1. 1. 1. 1. 1. 1. 1. 1. 1. 1. 1.]
 [1. 1. 1. 1. 1. 1. 1. 1. 1. 1. 1. 1. 1. 1. 1. 1. 1. 1. 1. 1. 1.]
 [1. 1. 1. 1. 1. 1. 1. 1. 1. 1. 1. 1. 1. 1. 1. 1. 1. 1. 1. 1. 1.]
 [1. 1. 1. 1. 1. 1. 1. 1. 1. 1. 1. 1. 1. 1. 1. 1. 1. 1. 1. 1. 1.]
 [1. 1. 1. 1. 1. 1. 1. 1. 1. 1. 1. 1. 1. 1. 1. 1. 1. 1. 1. 1. 1.]
 [1. 1. 1. 1. 1. 1. 1. 1. 1. 1. 1. 1. 1. 1. 1. 1. 1. 1. 1. 1. 1.]
 [1. 1. 1. 1. 1. 1. 1. 1. 1. 1. 1. 1. 1. 1. 1. 1. 1. 1. 1. 1. 1.]
 [1. 1. 1. 1. 1. 1. 1. 1. 1. 1. 1. 1. 1. 1. 1. 1. 1. 1. 1. 1. 1.]]
Traceback (most recent call last):
  File "/users/gpb20141/PH510/Assignment_4/./assignment_4_code.py", line 108, in <module>
    potential_50_50_4a = mc.MonteCarlo(init_grid, init_grid.greens_potential, 0, 10, 10, 10)
                         ^^^^^^^^^^^^^^^^^^^^^^^^^^^^^^^^^^^^^^^^^^^^^^^^^^^^^^^^^^^^^^^^^^^
  File "/users/gpb20141/PH510/Assignment_4/monte_carlo_class.py", line 32, in __init__
    self.value = function(*args, **kwargs)
                 ^^^^^^^^^^^^^^^^^^^^^^^^^
  File "/users/gpb20141/PH510/Assignment_4/poisson_green_class.py", line 275, in greens_potential
    term1[x_b, y_b] = greens_laplace[x_b, y_b] * self.phi[x_b, y_b]
                      ~~~~~~~~~~~~~~^^^^^^^^^^
IndexError: too many indices for array: array is 1-dimensional, but 2 were indexed
The Grid has converged in 97 iterations.
[[1. 1. 1. 1. 1. 1. 1. 1. 1. 1. 1. 1. 1. 1. 1. 1. 1. 1. 1. 1. 1.]
 [1. 1. 1. 1. 1. 1. 1. 1. 1. 1. 1. 1. 1. 1. 1. 1. 1. 1. 1. 1. 1.]
 [1. 1. 1. 1. 1. 1. 1. 1. 1. 1. 1. 1. 1. 1. 1. 1. 1. 1. 1. 1. 1.]
 [1. 1. 1. 1. 1. 1. 1. 1. 1. 1. 1. 1. 1. 1. 1. 1. 1. 1. 1. 1. 1.]
 [1. 1. 1. 1. 1. 1. 1. 1. 1. 1. 1. 1. 1. 1. 1. 1. 1. 1. 1. 1. 1.]
 [1. 1. 1. 1. 1. 1. 1. 1. 1. 1. 1. 1. 1. 1. 1. 1. 1. 1. 1. 1. 1.]
 [1. 1. 1. 1. 1. 1. 1. 1. 1. 1. 1. 1. 1. 1. 1. 1. 1. 1. 1. 1. 1.]
 [1. 1. 1. 1. 1. 1. 1. 1. 1. 1. 1. 1. 1. 1. 1. 1. 1. 1. 1. 1. 1.]
 [1. 1. 1. 1. 1. 1. 1. 1. 1. 1. 1. 1. 1. 1. 1. 1. 1. 1. 1. 1. 1.]
 [1. 1. 1. 1. 1. 1. 1. 1. 1. 1. 1. 1. 1. 1. 1. 1. 1. 1. 1. 1. 1.]
 [1. 1. 1. 1. 1. 1. 1. 1. 1. 1. 1. 1. 1. 1. 1. 1. 1. 1. 1. 1. 1.]
 [1. 1. 1. 1. 1. 1. 1. 1. 1. 1. 1. 1. 1. 1. 1. 1. 1. 1. 1. 1. 1.]
 [1. 1. 1. 1. 1. 1. 1. 1. 1. 1. 1. 1. 1. 1. 1. 1. 1. 1. 1. 1. 1.]
 [1. 1. 1. 1. 1. 1. 1. 1. 1. 1. 1. 1. 1. 1. 1. 1. 1. 1. 1. 1. 1.]
 [1. 1. 1. 1. 1. 1. 1. 1. 1. 1. 1. 1. 1. 1. 1. 1. 1. 1. 1. 1. 1.]
 [1. 1. 1. 1. 1. 1. 1. 1. 1. 1. 1. 1. 1. 1. 1. 1. 1. 1. 1. 1. 1.]
 [1. 1. 1. 1. 1. 1. 1. 1. 1. 1. 1. 1. 1. 1. 1. 1. 1. 1. 1. 1. 1.]
 [1. 1. 1. 1. 1. 1. 1. 1. 1. 1. 1. 1. 1. 1. 1. 1. 1. 1. 1. 1. 1.]
 [1. 1. 1. 1. 1. 1. 1. 1. 1. 1. 1. 1. 1. 1. 1. 1. 1. 1. 1. 1. 1.]
 [1. 1. 1. 1. 1. 1. 1. 1. 1. 1. 1. 1. 1. 1. 1. 1. 1. 1. 1. 1. 1.]
 [1. 1. 1. 1. 1. 1. 1. 1. 1. 1. 1. 1. 1. 1. 1. 1. 1. 1. 1. 1. 1.]]
Traceback (most recent call last):
  File "/users/gpb20141/PH510/Assignment_4/./assignment_4_code.py", line 108, in <module>
    potential_50_50_4a = mc.MonteCarlo(init_grid, init_grid.greens_potential, 0, 10, 10, 10)
                         ^^^^^^^^^^^^^^^^^^^^^^^^^^^^^^^^^^^^^^^^^^^^^^^^^^^^^^^^^^^^^^^^^^^
  File "/users/gpb20141/PH510/Assignment_4/monte_carlo_class.py", line 32, in __init__
    self.value = function(*args, **kwargs)
                 ^^^^^^^^^^^^^^^^^^^^^^^^^
  File "/users/gpb20141/PH510/Assignment_4/poisson_green_class.py", line 275, in greens_potential
    term1[x_b, y_b] = greens_laplace[x_b, y_b] * self.phi[x_b, y_b]
                      ~~~~~~~~~~~~~~^^^^^^^^^^
IndexError: too many indices for array: array is 1-dimensional, but 2 were indexed
The Grid has converged in 98 iterations.
[[1. 1. 1. 1. 1. 1. 1. 1. 1. 1. 1. 1. 1. 1. 1. 1. 1. 1. 1. 1. 1.]
 [1. 1. 1. 1. 1. 1. 1. 1. 1. 1. 1. 1. 1. 1. 1. 1. 1. 1. 1. 1. 1.]
 [1. 1. 1. 1. 1. 1. 1. 1. 1. 1. 1. 1. 1. 1. 1. 1. 1. 1. 1. 1. 1.]
 [1. 1. 1. 1. 1. 1. 1. 1. 1. 1. 1. 1. 1. 1. 1. 1. 1. 1. 1. 1. 1.]
 [1. 1. 1. 1. 1. 1. 1. 1. 1. 1. 1. 1. 1. 1. 1. 1. 1. 1. 1. 1. 1.]
 [1. 1. 1. 1. 1. 1. 1. 1. 1. 1. 1. 1. 1. 1. 1. 1. 1. 1. 1. 1. 1.]
 [1. 1. 1. 1. 1. 1. 1. 1. 1. 1. 1. 1. 1. 1. 1. 1. 1. 1. 1. 1. 1.]
 [1. 1. 1. 1. 1. 1. 1. 1. 1. 1. 1. 1. 1. 1. 1. 1. 1. 1. 1. 1. 1.]
 [1. 1. 1. 1. 1. 1. 1. 1. 1. 1. 1. 1. 1. 1. 1. 1. 1. 1. 1. 1. 1.]
 [1. 1. 1. 1. 1. 1. 1. 1. 1. 1. 1. 1. 1. 1. 1. 1. 1. 1. 1. 1. 1.]
 [1. 1. 1. 1. 1. 1. 1. 1. 1. 1. 1. 1. 1. 1. 1. 1. 1. 1. 1. 1. 1.]
 [1. 1. 1. 1. 1. 1. 1. 1. 1. 1. 1. 1. 1. 1. 1. 1. 1. 1. 1. 1. 1.]
 [1. 1. 1. 1. 1. 1. 1. 1. 1. 1. 1. 1. 1. 1. 1. 1. 1. 1. 1. 1. 1.]
 [1. 1. 1. 1. 1. 1. 1. 1. 1. 1. 1. 1. 1. 1. 1. 1. 1. 1. 1. 1. 1.]
 [1. 1. 1. 1. 1. 1. 1. 1. 1. 1. 1. 1. 1. 1. 1. 1. 1. 1. 1. 1. 1.]
 [1. 1. 1. 1. 1. 1. 1. 1. 1. 1. 1. 1. 1. 1. 1. 1. 1. 1. 1. 1. 1.]
 [1. 1. 1. 1. 1. 1. 1. 1. 1. 1. 1. 1. 1. 1. 1. 1. 1. 1. 1. 1. 1.]
 [1. 1. 1. 1. 1. 1. 1. 1. 1. 1. 1. 1. 1. 1. 1. 1. 1. 1. 1. 1. 1.]
 [1. 1. 1. 1. 1. 1. 1. 1. 1. 1. 1. 1. 1. 1. 1. 1. 1. 1. 1. 1. 1.]
 [1. 1. 1. 1. 1. 1. 1. 1. 1. 1. 1. 1. 1. 1. 1. 1. 1. 1. 1. 1. 1.]
 [1. 1. 1. 1. 1. 1. 1. 1. 1. 1. 1. 1. 1. 1. 1. 1. 1. 1. 1. 1. 1.]]
Traceback (most recent call last):
  File "/users/gpb20141/PH510/Assignment_4/./assignment_4_code.py", line 108, in <module>
    potential_50_50_4a = mc.MonteCarlo(init_grid, init_grid.greens_potential, 0, 10, 10, 10)
                         ^^^^^^^^^^^^^^^^^^^^^^^^^^^^^^^^^^^^^^^^^^^^^^^^^^^^^^^^^^^^^^^^^^^
  File "/users/gpb20141/PH510/Assignment_4/monte_carlo_class.py", line 32, in __init__
    self.value = function(*args, **kwargs)
                 ^^^^^^^^^^^^^^^^^^^^^^^^^
  File "/users/gpb20141/PH510/Assignment_4/poisson_green_class.py", line 275, in greens_potential
    term1[x_b, y_b] = greens_laplace[x_b, y_b] * self.phi[x_b, y_b]
                      ~~~~~~~~~~~~~~^^^^^^^^^^
IndexError: too many indices for array: array is 1-dimensional, but 2 were indexed
The Grid has converged in 97 iterations.
[[1. 1. 1. 1. 1. 1. 1. 1. 1. 1. 1. 1. 1. 1. 1. 1. 1. 1. 1. 1. 1.]
 [1. 1. 1. 1. 1. 1. 1. 1. 1. 1. 1. 1. 1. 1. 1. 1. 1. 1. 1. 1. 1.]
 [1. 1. 1. 1. 1. 1. 1. 1. 1. 1. 1. 1. 1. 1. 1. 1. 1. 1. 1. 1. 1.]
 [1. 1. 1. 1. 1. 1. 1. 1. 1. 1. 1. 1. 1. 1. 1. 1. 1. 1. 1. 1. 1.]
 [1. 1. 1. 1. 1. 1. 1. 1. 1. 1. 1. 1. 1. 1. 1. 1. 1. 1. 1. 1. 1.]
 [1. 1. 1. 1. 1. 1. 1. 1. 1. 1. 1. 1. 1. 1. 1. 1. 1. 1. 1. 1. 1.]
 [1. 1. 1. 1. 1. 1. 1. 1. 1. 1. 1. 1. 1. 1. 1. 1. 1. 1. 1. 1. 1.]
 [1. 1. 1. 1. 1. 1. 1. 1. 1. 1. 1. 1. 1. 1. 1. 1. 1. 1. 1. 1. 1.]
 [1. 1. 1. 1. 1. 1. 1. 1. 1. 1. 1. 1. 1. 1. 1. 1. 1. 1. 1. 1. 1.]
 [1. 1. 1. 1. 1. 1. 1. 1. 1. 1. 1. 1. 1. 1. 1. 1. 1. 1. 1. 1. 1.]
 [1. 1. 1. 1. 1. 1. 1. 1. 1. 1. 1. 1. 1. 1. 1. 1. 1. 1. 1. 1. 1.]
 [1. 1. 1. 1. 1. 1. 1. 1. 1. 1. 1. 1. 1. 1. 1. 1. 1. 1. 1. 1. 1.]
 [1. 1. 1. 1. 1. 1. 1. 1. 1. 1. 1. 1. 1. 1. 1. 1. 1. 1. 1. 1. 1.]
 [1. 1. 1. 1. 1. 1. 1. 1. 1. 1. 1. 1. 1. 1. 1. 1. 1. 1. 1. 1. 1.]
 [1. 1. 1. 1. 1. 1. 1. 1. 1. 1. 1. 1. 1. 1. 1. 1. 1. 1. 1. 1. 1.]
 [1. 1. 1. 1. 1. 1. 1. 1. 1. 1. 1. 1. 1. 1. 1. 1. 1. 1. 1. 1. 1.]
 [1. 1. 1. 1. 1. 1. 1. 1. 1. 1. 1. 1. 1. 1. 1. 1. 1. 1. 1. 1. 1.]
 [1. 1. 1. 1. 1. 1. 1. 1. 1. 1. 1. 1. 1. 1. 1. 1. 1. 1. 1. 1. 1.]
 [1. 1. 1. 1. 1. 1. 1. 1. 1. 1. 1. 1. 1. 1. 1. 1. 1. 1. 1. 1. 1.]
 [1. 1. 1. 1. 1. 1. 1. 1. 1. 1. 1. 1. 1. 1. 1. 1. 1. 1. 1. 1. 1.]
 [1. 1. 1. 1. 1. 1. 1. 1. 1. 1. 1. 1. 1. 1. 1. 1. 1. 1. 1. 1. 1.]]
Traceback (most recent call last):
  File "/users/gpb20141/PH510/Assignment_4/./assignment_4_code.py", line 108, in <module>
    potential_50_50_4a = mc.MonteCarlo(init_grid, init_grid.greens_potential, 0, 10, 10, 10)
                         ^^^^^^^^^^^^^^^^^^^^^^^^^^^^^^^^^^^^^^^^^^^^^^^^^^^^^^^^^^^^^^^^^^^
  File "/users/gpb20141/PH510/Assignment_4/monte_carlo_class.py", line 32, in __init__
    self.value = function(*args, **kwargs)
                 ^^^^^^^^^^^^^^^^^^^^^^^^^
  File "/users/gpb20141/PH510/Assignment_4/poisson_green_class.py", line 275, in greens_potential
    term1[x_b, y_b] = greens_laplace[x_b, y_b] * self.phi[x_b, y_b]
                      ~~~~~~~~~~~~~~^^^^^^^^^^
IndexError: too many indices for array: array is 1-dimensional, but 2 were indexed
The Grid has converged in 96 iterations.
[[1. 1. 1. 1. 1. 1. 1. 1. 1. 1. 1. 1. 1. 1. 1. 1. 1. 1. 1. 1. 1.]
 [1. 1. 1. 1. 1. 1. 1. 1. 1. 1. 1. 1. 1. 1. 1. 1. 1. 1. 1. 1. 1.]
 [1. 1. 1. 1. 1. 1. 1. 1. 1. 1. 1. 1. 1. 1. 1. 1. 1. 1. 1. 1. 1.]
 [1. 1. 1. 1. 1. 1. 1. 1. 1. 1. 1. 1. 1. 1. 1. 1. 1. 1. 1. 1. 1.]
 [1. 1. 1. 1. 1. 1. 1. 1. 1. 1. 1. 1. 1. 1. 1. 1. 1. 1. 1. 1. 1.]
 [1. 1. 1. 1. 1. 1. 1. 1. 1. 1. 1. 1. 1. 1. 1. 1. 1. 1. 1. 1. 1.]
 [1. 1. 1. 1. 1. 1. 1. 1. 1. 1. 1. 1. 1. 1. 1. 1. 1. 1. 1. 1. 1.]
 [1. 1. 1. 1. 1. 1. 1. 1. 1. 1. 1. 1. 1. 1. 1. 1. 1. 1. 1. 1. 1.]
 [1. 1. 1. 1. 1. 1. 1. 1. 1. 1. 1. 1. 1. 1. 1. 1. 1. 1. 1. 1. 1.]
 [1. 1. 1. 1. 1. 1. 1. 1. 1. 1. 1. 1. 1. 1. 1. 1. 1. 1. 1. 1. 1.]
 [1. 1. 1. 1. 1. 1. 1. 1. 1. 1. 1. 1. 1. 1. 1. 1. 1. 1. 1. 1. 1.]
 [1. 1. 1. 1. 1. 1. 1. 1. 1. 1. 1. 1. 1. 1. 1. 1. 1. 1. 1. 1. 1.]
 [1. 1. 1. 1. 1. 1. 1. 1. 1. 1. 1. 1. 1. 1. 1. 1. 1. 1. 1. 1. 1.]
 [1. 1. 1. 1. 1. 1. 1. 1. 1. 1. 1. 1. 1. 1. 1. 1. 1. 1. 1. 1. 1.]
 [1. 1. 1. 1. 1. 1. 1. 1. 1. 1. 1. 1. 1. 1. 1. 1. 1. 1. 1. 1. 1.]
 [1. 1. 1. 1. 1. 1. 1. 1. 1. 1. 1. 1. 1. 1. 1. 1. 1. 1. 1. 1. 1.]
 [1. 1. 1. 1. 1. 1. 1. 1. 1. 1. 1. 1. 1. 1. 1. 1. 1. 1. 1. 1. 1.]
 [1. 1. 1. 1. 1. 1. 1. 1. 1. 1. 1. 1. 1. 1. 1. 1. 1. 1. 1. 1. 1.]
 [1. 1. 1. 1. 1. 1. 1. 1. 1. 1. 1. 1. 1. 1. 1. 1. 1. 1. 1. 1. 1.]
 [1. 1. 1. 1. 1. 1. 1. 1. 1. 1. 1. 1. 1. 1. 1. 1. 1. 1. 1. 1. 1.]
 [1. 1. 1. 1. 1. 1. 1. 1. 1. 1. 1. 1. 1. 1. 1. 1. 1. 1. 1. 1. 1.]]
Traceback (most recent call last):
  File "/users/gpb20141/PH510/Assignment_4/./assignment_4_code.py", line 108, in <module>
    potential_50_50_4a = mc.MonteCarlo(init_grid, init_grid.greens_potential, 0, 10, 10, 10)
                         ^^^^^^^^^^^^^^^^^^^^^^^^^^^^^^^^^^^^^^^^^^^^^^^^^^^^^^^^^^^^^^^^^^^
  File "/users/gpb20141/PH510/Assignment_4/monte_carlo_class.py", line 32, in __init__
    self.value = function(*args, **kwargs)
                 ^^^^^^^^^^^^^^^^^^^^^^^^^
  File "/users/gpb20141/PH510/Assignment_4/poisson_green_class.py", line 275, in greens_potential
    term1[x_b, y_b] = greens_laplace[x_b, y_b] * self.phi[x_b, y_b]
                      ~~~~~~~~~~~~~~^^^^^^^^^^
IndexError: too many indices for array: array is 1-dimensional, but 2 were indexed
The Grid has converged in 98 iterations.
[[1. 1. 1. 1. 1. 1. 1. 1. 1. 1. 1. 1. 1. 1. 1. 1. 1. 1. 1. 1. 1.]
 [1. 1. 1. 1. 1. 1. 1. 1. 1. 1. 1. 1. 1. 1. 1. 1. 1. 1. 1. 1. 1.]
 [1. 1. 1. 1. 1. 1. 1. 1. 1. 1. 1. 1. 1. 1. 1. 1. 1. 1. 1. 1. 1.]
 [1. 1. 1. 1. 1. 1. 1. 1. 1. 1. 1. 1. 1. 1. 1. 1. 1. 1. 1. 1. 1.]
 [1. 1. 1. 1. 1. 1. 1. 1. 1. 1. 1. 1. 1. 1. 1. 1. 1. 1. 1. 1. 1.]
 [1. 1. 1. 1. 1. 1. 1. 1. 1. 1. 1. 1. 1. 1. 1. 1. 1. 1. 1. 1. 1.]
 [1. 1. 1. 1. 1. 1. 1. 1. 1. 1. 1. 1. 1. 1. 1. 1. 1. 1. 1. 1. 1.]
 [1. 1. 1. 1. 1. 1. 1. 1. 1. 1. 1. 1. 1. 1. 1. 1. 1. 1. 1. 1. 1.]
 [1. 1. 1. 1. 1. 1. 1. 1. 1. 1. 1. 1. 1. 1. 1. 1. 1. 1. 1. 1. 1.]
 [1. 1. 1. 1. 1. 1. 1. 1. 1. 1. 1. 1. 1. 1. 1. 1. 1. 1. 1. 1. 1.]
 [1. 1. 1. 1. 1. 1. 1. 1. 1. 1. 1. 1. 1. 1. 1. 1. 1. 1. 1. 1. 1.]
 [1. 1. 1. 1. 1. 1. 1. 1. 1. 1. 1. 1. 1. 1. 1. 1. 1. 1. 1. 1. 1.]
 [1. 1. 1. 1. 1. 1. 1. 1. 1. 1. 1. 1. 1. 1. 1. 1. 1. 1. 1. 1. 1.]
 [1. 1. 1. 1. 1. 1. 1. 1. 1. 1. 1. 1. 1. 1. 1. 1. 1. 1. 1. 1. 1.]
 [1. 1. 1. 1. 1. 1. 1. 1. 1. 1. 1. 1. 1. 1. 1. 1. 1. 1. 1. 1. 1.]
 [1. 1. 1. 1. 1. 1. 1. 1. 1. 1. 1. 1. 1. 1. 1. 1. 1. 1. 1. 1. 1.]
 [1. 1. 1. 1. 1. 1. 1. 1. 1. 1. 1. 1. 1. 1. 1. 1. 1. 1. 1. 1. 1.]
 [1. 1. 1. 1. 1. 1. 1. 1. 1. 1. 1. 1. 1. 1. 1. 1. 1. 1. 1. 1. 1.]
 [1. 1. 1. 1. 1. 1. 1. 1. 1. 1. 1. 1. 1. 1. 1. 1. 1. 1. 1. 1. 1.]
 [1. 1. 1. 1. 1. 1. 1. 1. 1. 1. 1. 1. 1. 1. 1. 1. 1. 1. 1. 1. 1.]
 [1. 1. 1. 1. 1. 1. 1. 1. 1. 1. 1. 1. 1. 1. 1. 1. 1. 1. 1. 1. 1.]]
Traceback (most recent call last):
  File "/users/gpb20141/PH510/Assignment_4/./assignment_4_code.py", line 108, in <module>
    potential_50_50_4a = mc.MonteCarlo(init_grid, init_grid.greens_potential, 0, 10, 10, 10)
                         ^^^^^^^^^^^^^^^^^^^^^^^^^^^^^^^^^^^^^^^^^^^^^^^^^^^^^^^^^^^^^^^^^^^
  File "/users/gpb20141/PH510/Assignment_4/monte_carlo_class.py", line 32, in __init__
    self.value = function(*args, **kwargs)
                 ^^^^^^^^^^^^^^^^^^^^^^^^^
  File "/users/gpb20141/PH510/Assignment_4/poisson_green_class.py", line 275, in greens_potential
    term1[x_b, y_b] = greens_laplace[x_b, y_b] * self.phi[x_b, y_b]
                      ~~~~~~~~~~~~~~^^^^^^^^^^
IndexError: too many indices for array: array is 1-dimensional, but 2 were indexed
The Grid has converged in 96 iterations.
[[1. 1. 1. 1. 1. 1. 1. 1. 1. 1. 1. 1. 1. 1. 1. 1. 1. 1. 1. 1. 1.]
 [1. 1. 1. 1. 1. 1. 1. 1. 1. 1. 1. 1. 1. 1. 1. 1. 1. 1. 1. 1. 1.]
 [1. 1. 1. 1. 1. 1. 1. 1. 1. 1. 1. 1. 1. 1. 1. 1. 1. 1. 1. 1. 1.]
 [1. 1. 1. 1. 1. 1. 1. 1. 1. 1. 1. 1. 1. 1. 1. 1. 1. 1. 1. 1. 1.]
 [1. 1. 1. 1. 1. 1. 1. 1. 1. 1. 1. 1. 1. 1. 1. 1. 1. 1. 1. 1. 1.]
 [1. 1. 1. 1. 1. 1. 1. 1. 1. 1. 1. 1. 1. 1. 1. 1. 1. 1. 1. 1. 1.]
 [1. 1. 1. 1. 1. 1. 1. 1. 1. 1. 1. 1. 1. 1. 1. 1. 1. 1. 1. 1. 1.]
 [1. 1. 1. 1. 1. 1. 1. 1. 1. 1. 1. 1. 1. 1. 1. 1. 1. 1. 1. 1. 1.]
 [1. 1. 1. 1. 1. 1. 1. 1. 1. 1. 1. 1. 1. 1. 1. 1. 1. 1. 1. 1. 1.]
 [1. 1. 1. 1. 1. 1. 1. 1. 1. 1. 1. 1. 1. 1. 1. 1. 1. 1. 1. 1. 1.]
 [1. 1. 1. 1. 1. 1. 1. 1. 1. 1. 1. 1. 1. 1. 1. 1. 1. 1. 1. 1. 1.]
 [1. 1. 1. 1. 1. 1. 1. 1. 1. 1. 1. 1. 1. 1. 1. 1. 1. 1. 1. 1. 1.]
 [1. 1. 1. 1. 1. 1. 1. 1. 1. 1. 1. 1. 1. 1. 1. 1. 1. 1. 1. 1. 1.]
 [1. 1. 1. 1. 1. 1. 1. 1. 1. 1. 1. 1. 1. 1. 1. 1. 1. 1. 1. 1. 1.]
 [1. 1. 1. 1. 1. 1. 1. 1. 1. 1. 1. 1. 1. 1. 1. 1. 1. 1. 1. 1. 1.]
 [1. 1. 1. 1. 1. 1. 1. 1. 1. 1. 1. 1. 1. 1. 1. 1. 1. 1. 1. 1. 1.]
 [1. 1. 1. 1. 1. 1. 1. 1. 1. 1. 1. 1. 1. 1. 1. 1. 1. 1. 1. 1. 1.]
 [1. 1. 1. 1. 1. 1. 1. 1. 1. 1. 1. 1. 1. 1. 1. 1. 1. 1. 1. 1. 1.]
 [1. 1. 1. 1. 1. 1. 1. 1. 1. 1. 1. 1. 1. 1. 1. 1. 1. 1. 1. 1. 1.]
 [1. 1. 1. 1. 1. 1. 1. 1. 1. 1. 1. 1. 1. 1. 1. 1. 1. 1. 1. 1. 1.]
 [1. 1. 1. 1. 1. 1. 1. 1. 1. 1. 1. 1. 1. 1. 1. 1. 1. 1. 1. 1. 1.]]
Traceback (most recent call last):
  File "/users/gpb20141/PH510/Assignment_4/./assignment_4_code.py", line 108, in <module>
    potential_50_50_4a = mc.MonteCarlo(init_grid, init_grid.greens_potential, 0, 10, 10, 10)
                         ^^^^^^^^^^^^^^^^^^^^^^^^^^^^^^^^^^^^^^^^^^^^^^^^^^^^^^^^^^^^^^^^^^^
  File "/users/gpb20141/PH510/Assignment_4/monte_carlo_class.py", line 32, in __init__
    self.value = function(*args, **kwargs)
                 ^^^^^^^^^^^^^^^^^^^^^^^^^
  File "/users/gpb20141/PH510/Assignment_4/poisson_green_class.py", line 275, in greens_potential
    term1[x_b, y_b] = greens_laplace[x_b, y_b] * self.phi[x_b, y_b]
                      ~~~~~~~~~~~~~~^^^^^^^^^^
IndexError: too many indices for array: array is 1-dimensional, but 2 were indexed
[[1. 1. 1. 1. 1. 1. 1. 1. 1. 1. 1. 1. 1. 1. 1. 1. 1. 1. 1. 1. 1.]
 [1. 1. 1. 1. 1. 1. 1. 1. 1. 1. 1. 1. 1. 1. 1. 1. 1. 1. 1. 1. 1.]
 [1. 1. 1. 1. 1. 1. 1. 1. 1. 1. 1. 1. 1. 1. 1. 1. 1. 1. 1. 1. 1.]
 [1. 1. 1. 1. 1. 1. 1. 1. 1. 1. 1. 1. 1. 1. 1. 1. 1. 1. 1. 1. 1.]
 [1. 1. 1. 1. 1. 1. 1. 1. 1. 1. 1. 1. 1. 1. 1. 1. 1. 1. 1. 1. 1.]
 [1. 1. 1. 1. 1. 1. 1. 1. 1. 1. 1. 1. 1. 1. 1. 1. 1. 1. 1. 1. 1.]
 [1. 1. 1. 1. 1. 1. 1. 1. 1. 1. 1. 1. 1. 1. 1. 1. 1. 1. 1. 1. 1.]
 [1. 1. 1. 1. 1. 1. 1. 1. 1. 1. 1. 1. 1. 1. 1. 1. 1. 1. 1. 1. 1.]
 [1. 1. 1. 1. 1. 1. 1. 1. 1. 1. 1. 1. 1. 1. 1. 1. 1. 1. 1. 1. 1.]
 [1. 1. 1. 1. 1. 1. 1. 1. 1. 1. 1. 1. 1. 1. 1. 1. 1. 1. 1. 1. 1.]
 [1. 1. 1. 1. 1. 1. 1. 1. 1. 1. 1. 1. 1. 1. 1. 1. 1. 1. 1. 1. 1.]
 [1. 1. 1. 1. 1. 1. 1. 1. 1. 1. 1. 1. 1. 1. 1. 1. 1. 1. 1. 1. 1.]
 [1. 1. 1. 1. 1. 1. 1. 1. 1. 1. 1. 1. 1. 1. 1. 1. 1. 1. 1. 1. 1.]
 [1. 1. 1. 1. 1. 1. 1. 1. 1. 1. 1. 1. 1. 1. 1. 1. 1. 1. 1. 1. 1.]
 [1. 1. 1. 1. 1. 1. 1. 1. 1. 1. 1. 1. 1. 1. 1. 1. 1. 1. 1. 1. 1.]
 [1. 1. 1. 1. 1. 1. 1. 1. 1. 1. 1. 1. 1. 1. 1. 1. 1. 1. 1. 1. 1.]
 [1. 1. 1. 1. 1. 1. 1. 1. 1. 1. 1. 1. 1. 1. 1. 1. 1. 1. 1. 1. 1.]
 [1. 1. 1. 1. 1. 1. 1. 1. 1. 1. 1. 1. 1. 1. 1. 1. 1. 1. 1. 1. 1.]
 [1. 1. 1. 1. 1. 1. 1. 1. 1. 1. 1. 1. 1. 1. 1. 1. 1. 1. 1. 1. 1.]
 [1. 1. 1. 1. 1. 1. 1. 1. 1. 1. 1. 1. 1. 1. 1. 1. 1. 1. 1. 1. 1.]
 [1. 1. 1. 1. 1. 1. 1. 1. 1. 1. 1. 1. 1. 1. 1. 1. 1. 1. 1. 1. 1.]]
Traceback (most recent call last):
  File "/users/gpb20141/PH510/Assignment_4/./assignment_4_code.py", line 108, in <module>
    potential_50_50_4a = mc.MonteCarlo(init_grid, init_grid.greens_potential, 0, 10, 10, 10)
                         ^^^^^^^^^^^^^^^^^^^^^^^^^^^^^^^^^^^^^^^^^^^^^^^^^^^^^^^^^^^^^^^^^^^
  File "/users/gpb20141/PH510/Assignment_4/monte_carlo_class.py", line 32, in __init__
    self.value = function(*args, **kwargs)
                 ^^^^^^^^^^^^^^^^^^^^^^^^^
  File "/users/gpb20141/PH510/Assignment_4/poisson_green_class.py", line 275, in greens_potential
    term1[x_b, y_b] = greens_laplace[x_b, y_b] * self.phi[x_b, y_b]
                      ~~~~~~~~~~~~~~^^^^^^^^^^
IndexError: too many indices for array: array is 1-dimensional, but 2 were indexed
===================================================================================
SLURM job 12071769 ended:     Fri May 16 02:31:45 BST 2025 (Unix Epoch time: 1747359105)
This is an estimated end time using the 'date' command from node wee10.hpc.strath.ac.uk
For accurate timings, use 'sacct -j 12071769 -X --format=Submit,Start,End,Elapsed'
======================================================================================
